{"/home/luke/workspace/Folio/packages/core/src/index.ts": {"path":"/home/luke/workspace/Folio/packages/core/src/index.ts","all":true,"statementMap":{"0":{"start":{"line":1,"column":0},"end":{"line":1,"column":28}},"1":{"start":{"line":2,"column":0},"end":{"line":2,"column":21}},"2":{"start":{"line":3,"column":0},"end":{"line":3,"column":23}}},"s":{"0":0,"1":0,"2":0},"branchMap":{"0":{"type":"branch","line":1,"loc":{"start":{"line":1,"column":0},"end":{"line":3,"column":-37}},"locations":[{"start":{"line":1,"column":0},"end":{"line":3,"column":-37}}]}},"b":{"0":[0]},"fnMap":{"0":{"name":"(empty-report)","decl":{"start":{"line":1,"column":0},"end":{"line":3,"column":-37}},"loc":{"start":{"line":1,"column":0},"end":{"line":3,"column":-37}},"line":1}},"f":{"0":0}}
,"/home/luke/workspace/Folio/packages/core/src/components/FeaturedProject.tsx": {"path":"/home/luke/workspace/Folio/packages/core/src/components/FeaturedProject.tsx","all":false,"statementMap":{"0":{"start":{"line":1,"column":0},"end":{"line":1,"column":44}},"7":{"start":{"line":8,"column":0},"end":{"line":8,"column":61}},"8":{"start":{"line":9,"column":0},"end":{"line":9,"column":17}},"9":{"start":{"line":10,"column":0},"end":{"line":10,"column":15}},"10":{"start":{"line":11,"column":0},"end":{"line":11,"column":3}},"12":{"start":{"line":13,"column":0},"end":{"line":13,"column":10}},"13":{"start":{"line":14,"column":0},"end":{"line":14,"column":29}},"14":{"start":{"line":15,"column":0},"end":{"line":15,"column":97}},"15":{"start":{"line":16,"column":0},"end":{"line":16,"column":37}},"16":{"start":{"line":17,"column":0},"end":{"line":17,"column":67}},"17":{"start":{"line":18,"column":0},"end":{"line":18,"column":60}},"18":{"start":{"line":19,"column":0},"end":{"line":19,"column":47}},"19":{"start":{"line":20,"column":0},"end":{"line":20,"column":47}},"20":{"start":{"line":21,"column":0},"end":{"line":21,"column":20}},"21":{"start":{"line":22,"column":0},"end":{"line":22,"column":10}},"23":{"start":{"line":24,"column":0},"end":{"line":24,"column":1}}},"s":{"0":1,"7":19,"8":19,"9":2,"10":2,"12":17,"13":17,"14":19,"15":19,"16":19,"17":19,"18":19,"19":19,"20":19,"21":19,"23":19},"branchMap":{"0":{"type":"branch","line":8,"loc":{"start":{"line":8,"column":0},"end":{"line":24,"column":1}},"locations":[{"start":{"line":8,"column":0},"end":{"line":24,"column":1}}]},"1":{"type":"branch","line":9,"loc":{"start":{"line":9,"column":16},"end":{"line":11,"column":3}},"locations":[{"start":{"line":9,"column":16},"end":{"line":11,"column":3}}]},"2":{"type":"branch","line":11,"loc":{"start":{"line":11,"column":2},"end":{"line":15,"column":24}},"locations":[{"start":{"line":11,"column":2},"end":{"line":15,"column":24}}]},"3":{"type":"branch","line":15,"loc":{"start":{"line":15,"column":15},"end":{"line":15,"column":97}},"locations":[{"start":{"line":15,"column":15},"end":{"line":15,"column":97}}]}},"b":{"0":[19],"1":[2],"2":[17],"3":[2]},"fnMap":{"0":{"name":"FeaturedProject","decl":{"start":{"line":8,"column":0},"end":{"line":24,"column":1}},"loc":{"start":{"line":8,"column":0},"end":{"line":24,"column":1}},"line":8}},"f":{"0":19}}
,"/home/luke/workspace/Folio/packages/core/src/components/index.ts": {"path":"/home/luke/workspace/Folio/packages/core/src/components/index.ts","all":true,"statementMap":{"0":{"start":{"line":1,"column":0},"end":{"line":1,"column":51}}},"s":{"0":0},"branchMap":{"0":{"type":"branch","line":1,"loc":{"start":{"line":1,"column":183},"end":{"line":4,"column":43}},"locations":[{"start":{"line":1,"column":183},"end":{"line":4,"column":43}}]}},"b":{"0":[0]},"fnMap":{"0":{"name":"(empty-report)","decl":{"start":{"line":1,"column":183},"end":{"line":4,"column":43}},"loc":{"start":{"line":1,"column":183},"end":{"line":4,"column":43}},"line":1}},"f":{"0":0}}
,"/home/luke/workspace/Folio/packages/core/src/components/ProjectCard/ProjectCard.tsx": {"path":"/home/luke/workspace/Folio/packages/core/src/components/ProjectCard/ProjectCard.tsx","all":false,"statementMap":{"0":{"start":{"line":1,"column":0},"end":{"line":1,"column":47}},"2":{"start":{"line":3,"column":0},"end":{"line":3,"column":67}},"3":{"start":{"line":4,"column":0},"end":{"line":4,"column":46}},"4":{"start":{"line":5,"column":0},"end":{"line":5,"column":1}},"6":{"start":{"line":7,"column":0},"end":{"line":7,"column":89}},"7":{"start":{"line":8,"column":0},"end":{"line":8,"column":10}},"8":{"start":{"line":9,"column":0},"end":{"line":9,"column":32}},"9":{"start":{"line":10,"column":0},"end":{"line":10,"column":29}},"10":{"start":{"line":11,"column":0},"end":{"line":11,"column":64}},"11":{"start":{"line":12,"column":0},"end":{"line":12,"column":22}},"12":{"start":{"line":13,"column":0},"end":{"line":13,"column":12}},"13":{"start":{"line":14,"column":0},"end":{"line":14,"column":10}},"15":{"start":{"line":16,"column":0},"end":{"line":16,"column":1}},"17":{"start":{"line":18,"column":0},"end":{"line":18,"column":99}},"18":{"start":{"line":19,"column":0},"end":{"line":19,"column":39}},"19":{"start":{"line":20,"column":0},"end":{"line":20,"column":69}},"20":{"start":{"line":21,"column":0},"end":{"line":21,"column":1}},"22":{"start":{"line":23,"column":0},"end":{"line":23,"column":85}},"23":{"start":{"line":24,"column":0},"end":{"line":24,"column":63}},"24":{"start":{"line":25,"column":0},"end":{"line":25,"column":10}},"25":{"start":{"line":26,"column":0},"end":{"line":26,"column":30}},"26":{"start":{"line":27,"column":0},"end":{"line":27,"column":35}},"27":{"start":{"line":28,"column":0},"end":{"line":28,"column":39}},"28":{"start":{"line":29,"column":0},"end":{"line":29,"column":15}},"29":{"start":{"line":30,"column":0},"end":{"line":30,"column":15}},"30":{"start":{"line":31,"column":0},"end":{"line":31,"column":9}},"31":{"start":{"line":32,"column":0},"end":{"line":32,"column":10}},"33":{"start":{"line":34,"column":0},"end":{"line":34,"column":1}},"35":{"start":{"line":36,"column":0},"end":{"line":36,"column":87}},"36":{"start":{"line":37,"column":0},"end":{"line":37,"column":6}},"37":{"start":{"line":38,"column":0},"end":{"line":38,"column":21}},"38":{"start":{"line":39,"column":0},"end":{"line":39,"column":28}},"39":{"start":{"line":40,"column":0},"end":{"line":40,"column":29}},"40":{"start":{"line":41,"column":0},"end":{"line":41,"column":33}},"41":{"start":{"line":42,"column":0},"end":{"line":42,"column":31}},"42":{"start":{"line":43,"column":0},"end":{"line":43,"column":31}},"43":{"start":{"line":44,"column":0},"end":{"line":44,"column":30}},"44":{"start":{"line":45,"column":0},"end":{"line":45,"column":5}},"45":{"start":{"line":46,"column":0},"end":{"line":46,"column":15}},"46":{"start":{"line":47,"column":0},"end":{"line":47,"column":3}},"47":{"start":{"line":48,"column":0},"end":{"line":48,"column":10}},"48":{"start":{"line":49,"column":0},"end":{"line":49,"column":31}},"49":{"start":{"line":50,"column":0},"end":{"line":50,"column":95}},"50":{"start":{"line":51,"column":0},"end":{"line":51,"column":95}},"51":{"start":{"line":52,"column":0},"end":{"line":52,"column":35}},"52":{"start":{"line":53,"column":0},"end":{"line":53,"column":84}},"54":{"start":{"line":55,"column":0},"end":{"line":55,"column":95}},"55":{"start":{"line":56,"column":0},"end":{"line":56,"column":103}},"56":{"start":{"line":57,"column":0},"end":{"line":57,"column":107}},"57":{"start":{"line":58,"column":0},"end":{"line":58,"column":10}},"59":{"start":{"line":60,"column":0},"end":{"line":60,"column":1}},"61":{"start":{"line":62,"column":0},"end":{"line":62,"column":89}},"62":{"start":{"line":63,"column":0},"end":{"line":63,"column":10}},"63":{"start":{"line":64,"column":0},"end":{"line":64,"column":68}},"64":{"start":{"line":65,"column":0},"end":{"line":65,"column":22}},"65":{"start":{"line":66,"column":0},"end":{"line":66,"column":10}},"67":{"start":{"line":68,"column":0},"end":{"line":68,"column":1}},"69":{"start":{"line":70,"column":0},"end":{"line":70,"column":87}},"70":{"start":{"line":71,"column":0},"end":{"line":71,"column":115}},"71":{"start":{"line":72,"column":0},"end":{"line":72,"column":10}},"72":{"start":{"line":73,"column":0},"end":{"line":73,"column":31}},"73":{"start":{"line":74,"column":0},"end":{"line":74,"column":32}},"74":{"start":{"line":75,"column":0},"end":{"line":75,"column":85}},"76":{"start":{"line":77,"column":0},"end":{"line":77,"column":12}},"78":{"start":{"line":79,"column":0},"end":{"line":79,"column":30}},"79":{"start":{"line":80,"column":0},"end":{"line":80,"column":81}},"81":{"start":{"line":82,"column":0},"end":{"line":82,"column":12}},"83":{"start":{"line":84,"column":0},"end":{"line":84,"column":29}},"84":{"start":{"line":85,"column":0},"end":{"line":85,"column":79}},"86":{"start":{"line":87,"column":0},"end":{"line":87,"column":12}},"88":{"start":{"line":89,"column":0},"end":{"line":89,"column":37}},"89":{"start":{"line":90,"column":0},"end":{"line":90,"column":96}},"91":{"start":{"line":92,"column":0},"end":{"line":92,"column":12}},"93":{"start":{"line":94,"column":0},"end":{"line":94,"column":10}},"95":{"start":{"line":96,"column":0},"end":{"line":96,"column":1}}},"s":{"0":1,"2":2,"3":2,"4":2,"6":1,"7":8,"8":8,"9":8,"10":8,"11":8,"12":8,"13":8,"15":8,"17":1,"18":3,"19":2,"20":2,"22":1,"23":3,"24":2,"25":2,"26":2,"27":4,"28":4,"29":4,"30":2,"31":2,"33":2,"35":1,"36":6,"37":6,"38":5,"39":2,"40":2,"41":1,"42":1,"43":0,"44":6,"45":1,"46":1,"47":5,"48":5,"49":6,"50":6,"51":6,"52":1,"54":6,"55":6,"56":6,"57":6,"59":6,"61":1,"62":8,"63":8,"64":8,"65":8,"67":8,"69":1,"70":6,"71":5,"72":5,"73":5,"74":3,"76":3,"78":6,"79":3,"81":3,"83":6,"84":1,"86":1,"88":6,"89":1,"91":1,"93":6,"95":6},"branchMap":{"0":{"type":"branch","line":3,"loc":{"start":{"line":3,"column":0},"end":{"line":5,"column":1}},"locations":[{"start":{"line":3,"column":0},"end":{"line":5,"column":1}}]},"1":{"type":"branch","line":7,"loc":{"start":{"line":7,"column":21},"end":{"line":16,"column":1}},"locations":[{"start":{"line":7,"column":21},"end":{"line":16,"column":1}}]},"2":{"type":"branch","line":18,"loc":{"start":{"line":18,"column":26},"end":{"line":21,"column":1}},"locations":[{"start":{"line":18,"column":26},"end":{"line":21,"column":1}}]},"3":{"type":"branch","line":19,"loc":{"start":{"line":19,"column":28},"end":{"line":19,"column":39}},"locations":[{"start":{"line":19,"column":28},"end":{"line":19,"column":39}}]},"4":{"type":"branch","line":19,"loc":{"start":{"line":19,"column":35},"end":{"line":21,"column":1}},"locations":[{"start":{"line":19,"column":35},"end":{"line":21,"column":1}}]},"5":{"type":"branch","line":23,"loc":{"start":{"line":23,"column":19},"end":{"line":34,"column":1}},"locations":[{"start":{"line":23,"column":19},"end":{"line":34,"column":1}}]},"6":{"type":"branch","line":24,"loc":{"start":{"line":24,"column":52},"end":{"line":24,"column":63}},"locations":[{"start":{"line":24,"column":52},"end":{"line":24,"column":63}}]},"7":{"type":"branch","line":24,"loc":{"start":{"line":24,"column":59},"end":{"line":34,"column":1}},"locations":[{"start":{"line":24,"column":59},"end":{"line":34,"column":1}}]},"8":{"type":"branch","line":27,"loc":{"start":{"line":27,"column":25},"end":{"line":30,"column":15}},"locations":[{"start":{"line":27,"column":25},"end":{"line":30,"column":15}}]},"9":{"type":"branch","line":36,"loc":{"start":{"line":36,"column":20},"end":{"line":60,"column":1}},"locations":[{"start":{"line":36,"column":20},"end":{"line":60,"column":1}}]},"10":{"type":"branch","line":38,"loc":{"start":{"line":38,"column":13},"end":{"line":44,"column":30}},"locations":[{"start":{"line":38,"column":13},"end":{"line":44,"column":30}}]},"11":{"type":"branch","line":39,"loc":{"start":{"line":39,"column":20},"end":{"line":40,"column":29}},"locations":[{"start":{"line":39,"column":20},"end":{"line":40,"column":29}}]},"12":{"type":"branch","line":40,"loc":{"start":{"line":40,"column":21},"end":{"line":41,"column":33}},"locations":[{"start":{"line":40,"column":21},"end":{"line":41,"column":33}}]},"13":{"type":"branch","line":41,"loc":{"start":{"line":41,"column":21},"end":{"line":42,"column":31}},"locations":[{"start":{"line":41,"column":21},"end":{"line":42,"column":31}}]},"14":{"type":"branch","line":42,"loc":{"start":{"line":42,"column":21},"end":{"line":43,"column":31}},"locations":[{"start":{"line":42,"column":21},"end":{"line":43,"column":31}}]},"15":{"type":"branch","line":43,"loc":{"start":{"line":43,"column":21},"end":{"line":44,"column":30}},"locations":[{"start":{"line":43,"column":21},"end":{"line":44,"column":30}}]},"16":{"type":"branch","line":45,"loc":{"start":{"line":45,"column":4},"end":{"line":47,"column":3}},"locations":[{"start":{"line":45,"column":4},"end":{"line":47,"column":3}}]},"17":{"type":"branch","line":47,"loc":{"start":{"line":47,"column":2},"end":{"line":50,"column":30}},"locations":[{"start":{"line":47,"column":2},"end":{"line":50,"column":30}}]},"18":{"type":"branch","line":50,"loc":{"start":{"line":50,"column":21},"end":{"line":50,"column":95}},"locations":[{"start":{"line":50,"column":21},"end":{"line":50,"column":95}}]},"19":{"type":"branch","line":51,"loc":{"start":{"line":51,"column":21},"end":{"line":51,"column":95}},"locations":[{"start":{"line":51,"column":21},"end":{"line":51,"column":95}}]},"20":{"type":"branch","line":52,"loc":{"start":{"line":52,"column":21},"end":{"line":53,"column":84}},"locations":[{"start":{"line":52,"column":21},"end":{"line":53,"column":84}}]},"21":{"type":"branch","line":55,"loc":{"start":{"line":55,"column":21},"end":{"line":55,"column":95}},"locations":[{"start":{"line":55,"column":21},"end":{"line":55,"column":95}}]},"22":{"type":"branch","line":56,"loc":{"start":{"line":56,"column":21},"end":{"line":56,"column":103}},"locations":[{"start":{"line":56,"column":21},"end":{"line":56,"column":103}}]},"23":{"type":"branch","line":57,"loc":{"start":{"line":57,"column":21},"end":{"line":57,"column":107}},"locations":[{"start":{"line":57,"column":21},"end":{"line":57,"column":107}}]},"24":{"type":"branch","line":62,"loc":{"start":{"line":62,"column":21},"end":{"line":68,"column":1}},"locations":[{"start":{"line":62,"column":21},"end":{"line":68,"column":1}}]},"25":{"type":"branch","line":70,"loc":{"start":{"line":70,"column":20},"end":{"line":96,"column":1}},"locations":[{"start":{"line":70,"column":20},"end":{"line":96,"column":1}}]},"26":{"type":"branch","line":71,"loc":{"start":{"line":71,"column":21},"end":{"line":71,"column":54}},"locations":[{"start":{"line":71,"column":21},"end":{"line":71,"column":54}}]},"27":{"type":"branch","line":71,"loc":{"start":{"line":71,"column":46},"end":{"line":71,"column":76}},"locations":[{"start":{"line":71,"column":46},"end":{"line":71,"column":76}}]},"28":{"type":"branch","line":71,"loc":{"start":{"line":71,"column":69},"end":{"line":71,"column":104}},"locations":[{"start":{"line":71,"column":69},"end":{"line":71,"column":104}}]},"29":{"type":"branch","line":71,"loc":{"start":{"line":71,"column":104},"end":{"line":71,"column":115}},"locations":[{"start":{"line":71,"column":104},"end":{"line":71,"column":115}}]},"30":{"type":"branch","line":71,"loc":{"start":{"line":71,"column":111},"end":{"line":74,"column":32}},"locations":[{"start":{"line":71,"column":111},"end":{"line":74,"column":32}}]},"31":{"type":"branch","line":74,"loc":{"start":{"line":74,"column":21},"end":{"line":77,"column":12}},"locations":[{"start":{"line":74,"column":21},"end":{"line":77,"column":12}}]},"32":{"type":"branch","line":79,"loc":{"start":{"line":79,"column":21},"end":{"line":82,"column":12}},"locations":[{"start":{"line":79,"column":21},"end":{"line":82,"column":12}}]},"33":{"type":"branch","line":84,"loc":{"start":{"line":84,"column":21},"end":{"line":87,"column":12}},"locations":[{"start":{"line":84,"column":21},"end":{"line":87,"column":12}}]},"34":{"type":"branch","line":89,"loc":{"start":{"line":89,"column":21},"end":{"line":92,"column":12}},"locations":[{"start":{"line":89,"column":21},"end":{"line":92,"column":12}}]}},"b":{"0":[2],"1":[8],"2":[3],"3":[1],"4":[2],"5":[3],"6":[1],"7":[2],"8":[4],"9":[6],"10":[5],"11":[2],"12":[2],"13":[1],"14":[1],"15":[0],"16":[1],"17":[5],"18":[3],"19":[3],"20":[1],"21":[1],"22":[1],"23":[1],"24":[8],"25":[6],"26":[3],"27":[3],"28":[2],"29":[1],"30":[5],"31":[3],"32":[3],"33":[1],"34":[1]},"fnMap":{"0":{"name":"ProjectCard","decl":{"start":{"line":3,"column":0},"end":{"line":5,"column":1}},"loc":{"start":{"line":3,"column":0},"end":{"line":5,"column":1}},"line":3},"1":{"name":"ProjectCardHeader","decl":{"start":{"line":7,"column":21},"end":{"line":16,"column":1}},"loc":{"start":{"line":7,"column":21},"end":{"line":16,"column":1}},"line":7},"2":{"name":"ProjectCardDescription","decl":{"start":{"line":18,"column":26},"end":{"line":21,"column":1}},"loc":{"start":{"line":18,"column":26},"end":{"line":21,"column":1}},"line":18},"3":{"name":"ProjectCardTags","decl":{"start":{"line":23,"column":19},"end":{"line":34,"column":1}},"loc":{"start":{"line":23,"column":19},"end":{"line":34,"column":1}},"line":23},"4":{"name":"ProjectCardStats","decl":{"start":{"line":36,"column":20},"end":{"line":60,"column":1}},"loc":{"start":{"line":36,"column":20},"end":{"line":60,"column":1}},"line":36},"5":{"name":"ProjectCardStatus","decl":{"start":{"line":62,"column":21},"end":{"line":68,"column":1}},"loc":{"start":{"line":62,"column":21},"end":{"line":68,"column":1}},"line":62},"6":{"name":"ProjectCardLinks","decl":{"start":{"line":70,"column":20},"end":{"line":96,"column":1}},"loc":{"start":{"line":70,"column":20},"end":{"line":96,"column":1}},"line":70}},"f":{"0":2,"1":8,"2":3,"3":3,"4":6,"5":8,"6":6}}
,"/home/luke/workspace/Folio/packages/core/src/components/ProjectCard/index.ts": {"path":"/home/luke/workspace/Folio/packages/core/src/components/ProjectCard/index.ts","all":true,"statementMap":{"0":{"start":{"line":1,"column":0},"end":{"line":1,"column":43}}},"s":{"0":0},"branchMap":{"0":{"type":"branch","line":1,"loc":{"start":{"line":1,"column":0},"end":{"line":1,"column":43}},"locations":[{"start":{"line":1,"column":0},"end":{"line":1,"column":43}}]}},"b":{"0":[0]},"fnMap":{"0":{"name":"(empty-report)","decl":{"start":{"line":1,"column":0},"end":{"line":1,"column":43}},"loc":{"start":{"line":1,"column":0},"end":{"line":1,"column":43}},"line":1}},"f":{"0":0}}
,"/home/luke/workspace/Folio/packages/core/src/components/ProjectGrid/ProjectGrid.tsx": {"path":"/home/luke/workspace/Folio/packages/core/src/components/ProjectGrid/ProjectGrid.tsx","all":false,"statementMap":{"0":{"start":{"line":1,"column":0},"end":{"line":1,"column":67}},"1":{"start":{"line":2,"column":0},"end":{"line":2,"column":28}},"2":{"start":{"line":3,"column":0},"end":{"line":3,"column":46}},"3":{"start":{"line":4,"column":0},"end":{"line":4,"column":1}}},"s":{"0":6,"1":6,"2":3,"3":3},"branchMap":{"0":{"type":"branch","line":1,"loc":{"start":{"line":1,"column":0},"end":{"line":4,"column":1}},"locations":[{"start":{"line":1,"column":0},"end":{"line":4,"column":1}}]},"1":{"type":"branch","line":2,"loc":{"start":{"line":2,"column":17},"end":{"line":4,"column":1}},"locations":[{"start":{"line":2,"column":17},"end":{"line":4,"column":1}}]}},"b":{"0":[6],"1":[3]},"fnMap":{"0":{"name":"ProjectGrid","decl":{"start":{"line":1,"column":0},"end":{"line":4,"column":1}},"loc":{"start":{"line":1,"column":0},"end":{"line":4,"column":1}},"line":1}},"f":{"0":6}}
,"/home/luke/workspace/Folio/packages/core/src/components/ProjectGrid/index.ts": {"path":"/home/luke/workspace/Folio/packages/core/src/components/ProjectGrid/index.ts","all":true,"statementMap":{"0":{"start":{"line":1,"column":0},"end":{"line":1,"column":43}}},"s":{"0":0},"branchMap":{"0":{"type":"branch","line":1,"loc":{"start":{"line":1,"column":0},"end":{"line":1,"column":43}},"locations":[{"start":{"line":1,"column":0},"end":{"line":1,"column":43}}]}},"b":{"0":[0]},"fnMap":{"0":{"name":"(empty-report)","decl":{"start":{"line":1,"column":0},"end":{"line":1,"column":43}},"loc":{"start":{"line":1,"column":0},"end":{"line":1,"column":43}},"line":1}},"f":{"0":0}}
,"/home/luke/workspace/Folio/packages/core/src/components/ProjectList/ProjectList.tsx": {"path":"/home/luke/workspace/Folio/packages/core/src/components/ProjectList/ProjectList.tsx","all":false,"statementMap":{"0":{"start":{"line":1,"column":0},"end":{"line":1,"column":67}},"1":{"start":{"line":2,"column":0},"end":{"line":2,"column":28}},"2":{"start":{"line":3,"column":0},"end":{"line":3,"column":46}},"3":{"start":{"line":4,"column":0},"end":{"line":4,"column":1}}},"s":{"0":6,"1":6,"2":3,"3":3},"branchMap":{"0":{"type":"branch","line":1,"loc":{"start":{"line":1,"column":0},"end":{"line":4,"column":1}},"locations":[{"start":{"line":1,"column":0},"end":{"line":4,"column":1}}]},"1":{"type":"branch","line":2,"loc":{"start":{"line":2,"column":17},"end":{"line":4,"column":1}},"locations":[{"start":{"line":2,"column":17},"end":{"line":4,"column":1}}]}},"b":{"0":[6],"1":[3]},"fnMap":{"0":{"name":"ProjectList","decl":{"start":{"line":1,"column":0},"end":{"line":4,"column":1}},"loc":{"start":{"line":1,"column":0},"end":{"line":4,"column":1}},"line":1}},"f":{"0":6}}
,"/home/luke/workspace/Folio/packages/core/src/components/ProjectList/index.ts": {"path":"/home/luke/workspace/Folio/packages/core/src/components/ProjectList/index.ts","all":true,"statementMap":{"0":{"start":{"line":1,"column":0},"end":{"line":1,"column":43}}},"s":{"0":0},"branchMap":{"0":{"type":"branch","line":1,"loc":{"start":{"line":1,"column":0},"end":{"line":1,"column":43}},"locations":[{"start":{"line":1,"column":0},"end":{"line":1,"column":43}}]}},"b":{"0":[0]},"fnMap":{"0":{"name":"(empty-report)","decl":{"start":{"line":1,"column":0},"end":{"line":1,"column":43}},"loc":{"start":{"line":1,"column":0},"end":{"line":1,"column":43}},"line":1}},"f":{"0":0}}
,"/home/luke/workspace/Folio/packages/core/src/components/ProjectView/ProjectView.tsx": {"path":"/home/luke/workspace/Folio/packages/core/src/components/ProjectView/ProjectView.tsx","all":false,"statementMap":{"0":{"start":{"line":1,"column":0},"end":{"line":1,"column":47}},"2":{"start":{"line":3,"column":0},"end":{"line":3,"column":22}},"3":{"start":{"line":4,"column":0},"end":{"line":4,"column":10}},"4":{"start":{"line":5,"column":0},"end":{"line":5,"column":9}},"5":{"start":{"line":6,"column":0},"end":{"line":6,"column":10}},"6":{"start":{"line":7,"column":0},"end":{"line":7,"column":4}},"10":{"start":{"line":11,"column":0},"end":{"line":11,"column":4}},"11":{"start":{"line":12,"column":0},"end":{"line":12,"column":10}},"12":{"start":{"line":13,"column":0},"end":{"line":13,"column":25}},"13":{"start":{"line":14,"column":0},"end":{"line":14,"column":56}},"14":{"start":{"line":15,"column":0},"end":{"line":15,"column":29}},"15":{"start":{"line":16,"column":0},"end":{"line":16,"column":16}},"16":{"start":{"line":17,"column":0},"end":{"line":17,"column":10}},"18":{"start":{"line":19,"column":0},"end":{"line":19,"column":1}},"20":{"start":{"line":21,"column":0},"end":{"line":21,"column":51}},"21":{"start":{"line":22,"column":0},"end":{"line":22,"column":10}},"22":{"start":{"line":23,"column":0},"end":{"line":23,"column":6}},"23":{"start":{"line":24,"column":0},"end":{"line":24,"column":4}},"26":{"start":{"line":27,"column":0},"end":{"line":27,"column":4}},"27":{"start":{"line":28,"column":0},"end":{"line":28,"column":57}},"29":{"start":{"line":30,"column":0},"end":{"line":30,"column":31}},"31":{"start":{"line":32,"column":0},"end":{"line":32,"column":10}},"32":{"start":{"line":33,"column":0},"end":{"line":33,"column":69}},"33":{"start":{"line":34,"column":0},"end":{"line":34,"column":61}},"34":{"start":{"line":35,"column":0},"end":{"line":35,"column":36}},"35":{"start":{"line":36,"column":0},"end":{"line":36,"column":42}},"36":{"start":{"line":37,"column":0},"end":{"line":37,"column":41}},"37":{"start":{"line":38,"column":0},"end":{"line":38,"column":65}},"38":{"start":{"line":39,"column":0},"end":{"line":39,"column":11}},"39":{"start":{"line":40,"column":0},"end":{"line":40,"column":49}},"40":{"start":{"line":41,"column":0},"end":{"line":41,"column":67}},"41":{"start":{"line":42,"column":0},"end":{"line":42,"column":20}},"42":{"start":{"line":43,"column":0},"end":{"line":43,"column":92}},"43":{"start":{"line":44,"column":0},"end":{"line":44,"column":31}},"44":{"start":{"line":45,"column":0},"end":{"line":45,"column":20}},"46":{"start":{"line":47,"column":0},"end":{"line":47,"column":11}},"47":{"start":{"line":48,"column":0},"end":{"line":48,"column":70}},"48":{"start":{"line":49,"column":0},"end":{"line":49,"column":33}},"49":{"start":{"line":50,"column":0},"end":{"line":50,"column":69}},"50":{"start":{"line":51,"column":0},"end":{"line":51,"column":22}},"51":{"start":{"line":52,"column":0},"end":{"line":52,"column":33}},"52":{"start":{"line":53,"column":0},"end":{"line":53,"column":71}},"53":{"start":{"line":54,"column":0},"end":{"line":54,"column":71}},"54":{"start":{"line":55,"column":0},"end":{"line":55,"column":22}},"56":{"start":{"line":57,"column":0},"end":{"line":57,"column":13}},"57":{"start":{"line":58,"column":0},"end":{"line":58,"column":34}},"58":{"start":{"line":59,"column":0},"end":{"line":59,"column":80}},"59":{"start":{"line":60,"column":0},"end":{"line":60,"column":22}},"60":{"start":{"line":61,"column":0},"end":{"line":61,"column":33}},"61":{"start":{"line":62,"column":0},"end":{"line":62,"column":65}},"62":{"start":{"line":63,"column":0},"end":{"line":63,"column":63}},"63":{"start":{"line":64,"column":0},"end":{"line":64,"column":32}},"64":{"start":{"line":65,"column":0},"end":{"line":65,"column":60}},"66":{"start":{"line":67,"column":0},"end":{"line":67,"column":24}},"68":{"start":{"line":69,"column":0},"end":{"line":69,"column":22}},"70":{"start":{"line":71,"column":0},"end":{"line":71,"column":13}},"71":{"start":{"line":72,"column":0},"end":{"line":72,"column":11}},"72":{"start":{"line":73,"column":0},"end":{"line":73,"column":21}},"73":{"start":{"line":74,"column":0},"end":{"line":74,"column":11}},"74":{"start":{"line":75,"column":0},"end":{"line":75,"column":10}},"76":{"start":{"line":77,"column":0},"end":{"line":77,"column":1}},"78":{"start":{"line":79,"column":0},"end":{"line":79,"column":87}},"79":{"start":{"line":80,"column":0},"end":{"line":80,"column":29}},"81":{"start":{"line":82,"column":0},"end":{"line":82,"column":6}},"82":{"start":{"line":83,"column":0},"end":{"line":83,"column":20}},"83":{"start":{"line":84,"column":0},"end":{"line":84,"column":18}},"84":{"start":{"line":85,"column":0},"end":{"line":85,"column":17}},"85":{"start":{"line":86,"column":0},"end":{"line":86,"column":22}},"86":{"start":{"line":87,"column":0},"end":{"line":87,"column":23}},"87":{"start":{"line":88,"column":0},"end":{"line":88,"column":22}},"88":{"start":{"line":89,"column":0},"end":{"line":89,"column":5}},"89":{"start":{"line":90,"column":0},"end":{"line":90,"column":15}},"90":{"start":{"line":91,"column":0},"end":{"line":91,"column":3}},"92":{"start":{"line":93,"column":0},"end":{"line":93,"column":10}},"93":{"start":{"line":94,"column":0},"end":{"line":94,"column":31}},"94":{"start":{"line":95,"column":0},"end":{"line":95,"column":24}},"95":{"start":{"line":96,"column":0},"end":{"line":96,"column":77}},"97":{"start":{"line":98,"column":0},"end":{"line":98,"column":12}},"99":{"start":{"line":100,"column":0},"end":{"line":100,"column":22}},"100":{"start":{"line":101,"column":0},"end":{"line":101,"column":73}},"102":{"start":{"line":103,"column":0},"end":{"line":103,"column":12}},"104":{"start":{"line":105,"column":0},"end":{"line":105,"column":21}},"105":{"start":{"line":106,"column":0},"end":{"line":106,"column":71}},"107":{"start":{"line":108,"column":0},"end":{"line":108,"column":12}},"109":{"start":{"line":110,"column":0},"end":{"line":110,"column":26}},"110":{"start":{"line":111,"column":0},"end":{"line":111,"column":82}},"112":{"start":{"line":113,"column":0},"end":{"line":113,"column":12}},"114":{"start":{"line":115,"column":0},"end":{"line":115,"column":27}},"115":{"start":{"line":116,"column":0},"end":{"line":116,"column":84}},"117":{"start":{"line":118,"column":0},"end":{"line":118,"column":12}},"119":{"start":{"line":120,"column":0},"end":{"line":120,"column":29}},"120":{"start":{"line":121,"column":0},"end":{"line":121,"column":88}},"122":{"start":{"line":123,"column":0},"end":{"line":123,"column":12}},"124":{"start":{"line":125,"column":0},"end":{"line":125,"column":10}},"126":{"start":{"line":127,"column":0},"end":{"line":127,"column":1}},"128":{"start":{"line":129,"column":0},"end":{"line":129,"column":87}},"129":{"start":{"line":130,"column":0},"end":{"line":130,"column":23}},"130":{"start":{"line":131,"column":0},"end":{"line":131,"column":15}},"131":{"start":{"line":132,"column":0},"end":{"line":132,"column":3}},"133":{"start":{"line":134,"column":0},"end":{"line":134,"column":18}},"134":{"start":{"line":135,"column":0},"end":{"line":135,"column":26}},"135":{"start":{"line":136,"column":0},"end":{"line":136,"column":26}},"136":{"start":{"line":137,"column":0},"end":{"line":137,"column":30}},"137":{"start":{"line":138,"column":0},"end":{"line":138,"column":28}},"138":{"start":{"line":139,"column":0},"end":{"line":139,"column":28}},"139":{"start":{"line":140,"column":0},"end":{"line":140,"column":26}},"141":{"start":{"line":142,"column":0},"end":{"line":142,"column":18}},"142":{"start":{"line":143,"column":0},"end":{"line":143,"column":15}},"143":{"start":{"line":144,"column":0},"end":{"line":144,"column":3}},"145":{"start":{"line":146,"column":0},"end":{"line":146,"column":10}},"146":{"start":{"line":147,"column":0},"end":{"line":147,"column":31}},"147":{"start":{"line":148,"column":0},"end":{"line":148,"column":95}},"148":{"start":{"line":149,"column":0},"end":{"line":149,"column":95}},"149":{"start":{"line":150,"column":0},"end":{"line":150,"column":35}},"150":{"start":{"line":151,"column":0},"end":{"line":151,"column":84}},"152":{"start":{"line":153,"column":0},"end":{"line":153,"column":95}},"153":{"start":{"line":154,"column":0},"end":{"line":154,"column":103}},"154":{"start":{"line":155,"column":0},"end":{"line":155,"column":107}},"155":{"start":{"line":156,"column":0},"end":{"line":156,"column":10}},"157":{"start":{"line":158,"column":0},"end":{"line":158,"column":1}}},"s":{"0":1,"2":21,"3":21,"4":21,"5":21,"6":21,"10":21,"11":21,"12":21,"13":21,"14":21,"15":21,"16":21,"18":21,"20":1,"21":47,"22":47,"23":47,"26":47,"27":47,"29":47,"31":43,"32":43,"33":45,"34":47,"35":6,"36":10,"37":3,"38":3,"39":10,"40":2,"41":2,"42":2,"43":2,"44":2,"46":2,"47":10,"48":5,"49":2,"50":2,"51":2,"52":2,"53":2,"54":2,"56":2,"57":3,"58":3,"59":3,"60":3,"61":3,"62":3,"63":3,"64":1,"66":1,"68":3,"70":3,"71":5,"72":0,"73":6,"74":47,"76":47,"78":1,"79":23,"81":23,"82":23,"83":4,"84":4,"85":4,"86":3,"87":2,"88":23,"89":1,"90":1,"92":22,"93":22,"94":22,"95":19,"97":19,"99":23,"100":19,"102":19,"104":23,"105":0,"107":0,"109":23,"110":1,"112":1,"114":23,"115":1,"117":1,"119":23,"120":1,"122":1,"124":23,"126":23,"128":1,"129":23,"130":2,"131":2,"133":21,"134":21,"135":3,"136":3,"137":2,"138":2,"139":1,"141":23,"142":1,"143":1,"145":20,"146":20,"147":22,"148":23,"149":23,"150":1,"152":23,"153":23,"154":23,"155":23,"157":23},"branchMap":{"0":{"type":"branch","line":3,"loc":{"start":{"line":3,"column":0},"end":{"line":19,"column":1}},"locations":[{"start":{"line":3,"column":0},"end":{"line":19,"column":1}}]},"1":{"type":"branch","line":14,"loc":{"start":{"line":14,"column":7},"end":{"line":14,"column":56}},"locations":[{"start":{"line":14,"column":7},"end":{"line":14,"column":56}}]},"2":{"type":"branch","line":21,"loc":{"start":{"line":21,"column":22},"end":{"line":77,"column":1}},"locations":[{"start":{"line":21,"column":22},"end":{"line":77,"column":1}}]},"3":{"type":"branch","line":30,"loc":{"start":{"line":30,"column":20},"end":{"line":30,"column":31}},"locations":[{"start":{"line":30,"column":20},"end":{"line":30,"column":31}}]},"4":{"type":"branch","line":30,"loc":{"start":{"line":30,"column":27},"end":{"line":34,"column":61}},"locations":[{"start":{"line":30,"column":27},"end":{"line":34,"column":61}}]},"5":{"type":"branch","line":30,"loc":{"start":{"line":30,"column":27},"end":{"line":34,"column":42}},"locations":[{"start":{"line":30,"column":27},"end":{"line":34,"column":42}}]},"6":{"type":"branch","line":34,"loc":{"start":{"line":34,"column":30},"end":{"line":34,"column":61}},"locations":[{"start":{"line":34,"column":30},"end":{"line":34,"column":61}}]},"7":{"type":"branch","line":35,"loc":{"start":{"line":35,"column":32},"end":{"line":74,"column":11}},"locations":[{"start":{"line":35,"column":32},"end":{"line":74,"column":11}}]},"8":{"type":"branch","line":36,"loc":{"start":{"line":36,"column":24},"end":{"line":74,"column":9}},"locations":[{"start":{"line":36,"column":24},"end":{"line":74,"column":9}}]},"9":{"type":"branch","line":37,"loc":{"start":{"line":37,"column":40},"end":{"line":39,"column":11}},"locations":[{"start":{"line":37,"column":40},"end":{"line":39,"column":11}}]},"10":{"type":"branch","line":39,"loc":{"start":{"line":39,"column":10},"end":{"line":40,"column":32}},"locations":[{"start":{"line":39,"column":10},"end":{"line":40,"column":32}}]},"11":{"type":"branch","line":40,"loc":{"start":{"line":40,"column":24},"end":{"line":40,"column":48}},"locations":[{"start":{"line":40,"column":24},"end":{"line":40,"column":48}}]},"12":{"type":"branch","line":40,"loc":{"start":{"line":40,"column":48},"end":{"line":47,"column":11}},"locations":[{"start":{"line":40,"column":48},"end":{"line":47,"column":11}}]},"13":{"type":"branch","line":47,"loc":{"start":{"line":47,"column":10},"end":{"line":48,"column":69}},"locations":[{"start":{"line":47,"column":10},"end":{"line":48,"column":69}}]},"14":{"type":"branch","line":48,"loc":{"start":{"line":48,"column":43},"end":{"line":48,"column":69}},"locations":[{"start":{"line":48,"column":43},"end":{"line":48,"column":69}}]},"15":{"type":"branch","line":48,"loc":{"start":{"line":48,"column":69},"end":{"line":72,"column":11}},"locations":[{"start":{"line":48,"column":69},"end":{"line":72,"column":11}}]},"16":{"type":"branch","line":49,"loc":{"start":{"line":49,"column":32},"end":{"line":57,"column":13}},"locations":[{"start":{"line":49,"column":32},"end":{"line":57,"column":13}}]},"17":{"type":"branch","line":57,"loc":{"start":{"line":57,"column":12},"end":{"line":71,"column":13}},"locations":[{"start":{"line":57,"column":12},"end":{"line":71,"column":13}}]},"18":{"type":"branch","line":64,"loc":{"start":{"line":64,"column":24},"end":{"line":67,"column":24}},"locations":[{"start":{"line":64,"column":24},"end":{"line":67,"column":24}}]},"19":{"type":"branch","line":72,"loc":{"start":{"line":72,"column":10},"end":{"line":73,"column":21}},"locations":[{"start":{"line":72,"column":10},"end":{"line":73,"column":21}}]},"20":{"type":"branch","line":79,"loc":{"start":{"line":79,"column":20},"end":{"line":127,"column":1}},"locations":[{"start":{"line":79,"column":20},"end":{"line":127,"column":1}}]},"21":{"type":"branch","line":83,"loc":{"start":{"line":83,"column":11},"end":{"line":84,"column":18}},"locations":[{"start":{"line":83,"column":11},"end":{"line":84,"column":18}}]},"22":{"type":"branch","line":84,"loc":{"start":{"line":84,"column":11},"end":{"line":85,"column":17}},"locations":[{"start":{"line":84,"column":11},"end":{"line":85,"column":17}}]},"23":{"type":"branch","line":85,"loc":{"start":{"line":85,"column":11},"end":{"line":86,"column":22}},"locations":[{"start":{"line":85,"column":11},"end":{"line":86,"column":22}}]},"24":{"type":"branch","line":86,"loc":{"start":{"line":86,"column":11},"end":{"line":87,"column":23}},"locations":[{"start":{"line":86,"column":11},"end":{"line":87,"column":23}}]},"25":{"type":"branch","line":87,"loc":{"start":{"line":87,"column":11},"end":{"line":88,"column":22}},"locations":[{"start":{"line":87,"column":11},"end":{"line":88,"column":22}}]},"26":{"type":"branch","line":89,"loc":{"start":{"line":89,"column":4},"end":{"line":91,"column":3}},"locations":[{"start":{"line":89,"column":4},"end":{"line":91,"column":3}}]},"27":{"type":"branch","line":91,"loc":{"start":{"line":91,"column":2},"end":{"line":95,"column":24}},"locations":[{"start":{"line":91,"column":2},"end":{"line":95,"column":24}}]},"28":{"type":"branch","line":95,"loc":{"start":{"line":95,"column":13},"end":{"line":98,"column":12}},"locations":[{"start":{"line":95,"column":13},"end":{"line":98,"column":12}}]},"29":{"type":"branch","line":100,"loc":{"start":{"line":100,"column":13},"end":{"line":103,"column":12}},"locations":[{"start":{"line":100,"column":13},"end":{"line":103,"column":12}}]},"30":{"type":"branch","line":105,"loc":{"start":{"line":105,"column":13},"end":{"line":108,"column":12}},"locations":[{"start":{"line":105,"column":13},"end":{"line":108,"column":12}}]},"31":{"type":"branch","line":110,"loc":{"start":{"line":110,"column":13},"end":{"line":113,"column":12}},"locations":[{"start":{"line":110,"column":13},"end":{"line":113,"column":12}}]},"32":{"type":"branch","line":115,"loc":{"start":{"line":115,"column":13},"end":{"line":118,"column":12}},"locations":[{"start":{"line":115,"column":13},"end":{"line":118,"column":12}}]},"33":{"type":"branch","line":120,"loc":{"start":{"line":120,"column":13},"end":{"line":123,"column":12}},"locations":[{"start":{"line":120,"column":13},"end":{"line":123,"column":12}}]},"34":{"type":"branch","line":129,"loc":{"start":{"line":129,"column":20},"end":{"line":158,"column":1}},"locations":[{"start":{"line":129,"column":20},"end":{"line":158,"column":1}}]},"35":{"type":"branch","line":130,"loc":{"start":{"line":130,"column":22},"end":{"line":132,"column":3}},"locations":[{"start":{"line":130,"column":22},"end":{"line":132,"column":3}}]},"36":{"type":"branch","line":132,"loc":{"start":{"line":132,"column":2},"end":{"line":135,"column":26}},"locations":[{"start":{"line":132,"column":2},"end":{"line":135,"column":26}}]},"37":{"type":"branch","line":135,"loc":{"start":{"line":135,"column":18},"end":{"line":136,"column":26}},"locations":[{"start":{"line":135,"column":18},"end":{"line":136,"column":26}}]},"38":{"type":"branch","line":136,"loc":{"start":{"line":136,"column":18},"end":{"line":137,"column":30}},"locations":[{"start":{"line":136,"column":18},"end":{"line":137,"column":30}}]},"39":{"type":"branch","line":137,"loc":{"start":{"line":137,"column":18},"end":{"line":138,"column":28}},"locations":[{"start":{"line":137,"column":18},"end":{"line":138,"column":28}}]},"40":{"type":"branch","line":138,"loc":{"start":{"line":138,"column":18},"end":{"line":139,"column":28}},"locations":[{"start":{"line":138,"column":18},"end":{"line":139,"column":28}}]},"41":{"type":"branch","line":139,"loc":{"start":{"line":139,"column":18},"end":{"line":140,"column":26}},"locations":[{"start":{"line":139,"column":18},"end":{"line":140,"column":26}}]},"42":{"type":"branch","line":142,"loc":{"start":{"line":142,"column":17},"end":{"line":144,"column":3}},"locations":[{"start":{"line":142,"column":17},"end":{"line":144,"column":3}}]},"43":{"type":"branch","line":144,"loc":{"start":{"line":144,"column":2},"end":{"line":148,"column":95}},"locations":[{"start":{"line":144,"column":2},"end":{"line":148,"column":95}}]},"44":{"type":"branch","line":144,"loc":{"start":{"line":144,"column":2},"end":{"line":148,"column":30}},"locations":[{"start":{"line":144,"column":2},"end":{"line":148,"column":30}}]},"45":{"type":"branch","line":148,"loc":{"start":{"line":148,"column":21},"end":{"line":148,"column":95}},"locations":[{"start":{"line":148,"column":21},"end":{"line":148,"column":95}}]},"46":{"type":"branch","line":149,"loc":{"start":{"line":149,"column":21},"end":{"line":149,"column":95}},"locations":[{"start":{"line":149,"column":21},"end":{"line":149,"column":95}}]},"47":{"type":"branch","line":150,"loc":{"start":{"line":150,"column":21},"end":{"line":151,"column":84}},"locations":[{"start":{"line":150,"column":21},"end":{"line":151,"column":84}}]},"48":{"type":"branch","line":153,"loc":{"start":{"line":153,"column":21},"end":{"line":153,"column":95}},"locations":[{"start":{"line":153,"column":21},"end":{"line":153,"column":95}}]},"49":{"type":"branch","line":154,"loc":{"start":{"line":154,"column":21},"end":{"line":154,"column":103}},"locations":[{"start":{"line":154,"column":21},"end":{"line":154,"column":103}}]},"50":{"type":"branch","line":155,"loc":{"start":{"line":155,"column":21},"end":{"line":155,"column":107}},"locations":[{"start":{"line":155,"column":21},"end":{"line":155,"column":107}}]}},"b":{"0":[21],"1":[1],"2":[47],"3":[4],"4":[45],"5":[43],"6":[37],"7":[6],"8":[10],"9":[3],"10":[7],"11":[2],"12":[2],"13":[5],"14":[3],"15":[5],"16":[2],"17":[3],"18":[1],"19":[0],"20":[23],"21":[4],"22":[4],"23":[4],"24":[3],"25":[2],"26":[1],"27":[22],"28":[19],"29":[19],"30":[0],"31":[1],"32":[1],"33":[1],"34":[23],"35":[2],"36":[21],"37":[3],"38":[3],"39":[2],"40":[2],"41":[1],"42":[1],"43":[22],"44":[20],"45":[18],"46":[18],"47":[1],"48":[1],"49":[1],"50":[1]},"fnMap":{"0":{"name":"ProjectView","decl":{"start":{"line":3,"column":0},"end":{"line":19,"column":1}},"loc":{"start":{"line":3,"column":0},"end":{"line":19,"column":1}},"line":3},"1":{"name":"ProjectViewSection","decl":{"start":{"line":21,"column":22},"end":{"line":77,"column":1}},"loc":{"start":{"line":21,"column":22},"end":{"line":77,"column":1}},"line":21},"2":{"name":"ProjectViewLinks","decl":{"start":{"line":79,"column":20},"end":{"line":127,"column":1}},"loc":{"start":{"line":79,"column":20},"end":{"line":127,"column":1}},"line":79},"3":{"name":"ProjectViewStats","decl":{"start":{"line":129,"column":20},"end":{"line":158,"column":1}},"loc":{"start":{"line":129,"column":20},"end":{"line":158,"column":1}},"line":129}},"f":{"0":21,"1":47,"2":23,"3":23}}
,"/home/luke/workspace/Folio/packages/core/src/components/ProjectView/index.ts": {"path":"/home/luke/workspace/Folio/packages/core/src/components/ProjectView/index.ts","all":false,"statementMap":{"0":{"start":{"line":1,"column":0},"end":{"line":1,"column":43}}},"s":{"0":1},"branchMap":{},"b":{},"fnMap":{},"f":{}}
,"/home/luke/workspace/Folio/packages/core/src/lib/defineProjects.ts": {"path":"/home/luke/workspace/Folio/packages/core/src/lib/defineProjects.ts","all":false,"statementMap":{"2":{"start":{"line":3,"column":0},"end":{"line":3,"column":84}},"3":{"start":{"line":4,"column":0},"end":{"line":4,"column":17}},"4":{"start":{"line":5,"column":0},"end":{"line":5,"column":1}}},"s":{"2":1,"3":6,"4":6},"branchMap":{"0":{"type":"branch","line":3,"loc":{"start":{"line":3,"column":7},"end":{"line":5,"column":1}},"locations":[{"start":{"line":3,"column":7},"end":{"line":5,"column":1}}]}},"b":{"0":[6]},"fnMap":{"0":{"name":"defineProjects","decl":{"start":{"line":3,"column":7},"end":{"line":5,"column":1}},"loc":{"start":{"line":3,"column":7},"end":{"line":5,"column":1}},"line":3}},"f":{"0":6}}
,"/home/luke/workspace/Folio/packages/core/src/lib/filterByFeatured.ts": {"path":"/home/luke/workspace/Folio/packages/core/src/lib/filterByFeatured.ts","all":false,"statementMap":{"2":{"start":{"line":3,"column":0},"end":{"line":3,"column":33}},"3":{"start":{"line":4,"column":0},"end":{"line":4,"column":27}},"4":{"start":{"line":5,"column":0},"end":{"line":5,"column":38}},"5":{"start":{"line":6,"column":0},"end":{"line":6,"column":19}},"6":{"start":{"line":7,"column":0},"end":{"line":7,"column":30}},"7":{"start":{"line":8,"column":0},"end":{"line":8,"column":13}},"8":{"start":{"line":9,"column":0},"end":{"line":9,"column":3}},"10":{"start":{"line":11,"column":0},"end":{"line":11,"column":52}},"11":{"start":{"line":12,"column":0},"end":{"line":12,"column":24}},"12":{"start":{"line":13,"column":0},"end":{"line":13,"column":3}},"14":{"start":{"line":15,"column":0},"end":{"line":15,"column":66}},"15":{"start":{"line":16,"column":0},"end":{"line":16,"column":1}}},"s":{"2":1,"3":12,"4":12,"5":12,"6":12,"7":4,"8":4,"10":12,"11":3,"12":3,"14":5,"15":5},"branchMap":{"0":{"type":"branch","line":3,"loc":{"start":{"line":3,"column":7},"end":{"line":16,"column":1}},"locations":[{"start":{"line":3,"column":7},"end":{"line":16,"column":1}}]},"1":{"type":"branch","line":7,"loc":{"start":{"line":7,"column":29},"end":{"line":9,"column":3}},"locations":[{"start":{"line":7,"column":29},"end":{"line":9,"column":3}}]},"2":{"type":"branch","line":9,"loc":{"start":{"line":9,"column":2},"end":{"line":11,"column":27}},"locations":[{"start":{"line":9,"column":2},"end":{"line":11,"column":27}}]},"3":{"type":"branch","line":11,"loc":{"start":{"line":11,"column":19},"end":{"line":11,"column":51}},"locations":[{"start":{"line":11,"column":19},"end":{"line":11,"column":51}}]},"4":{"type":"branch","line":11,"loc":{"start":{"line":11,"column":51},"end":{"line":13,"column":3}},"locations":[{"start":{"line":11,"column":51},"end":{"line":13,"column":3}}]},"5":{"type":"branch","line":13,"loc":{"start":{"line":13,"column":2},"end":{"line":16,"column":1}},"locations":[{"start":{"line":13,"column":2},"end":{"line":16,"column":1}}]},"6":{"type":"branch","line":15,"loc":{"start":{"line":15,"column":25},"end":{"line":15,"column":65}},"locations":[{"start":{"line":15,"column":25},"end":{"line":15,"column":65}}]}},"b":{"0":[12],"1":[4],"2":[8],"3":[6],"4":[3],"5":[5],"6":[12]},"fnMap":{"0":{"name":"filterByFeatured","decl":{"start":{"line":3,"column":7},"end":{"line":16,"column":1}},"loc":{"start":{"line":3,"column":7},"end":{"line":16,"column":1}},"line":3}},"f":{"0":12}}
,"/home/luke/workspace/Folio/packages/core/src/lib/filterByStatus.ts": {"path":"/home/luke/workspace/Folio/packages/core/src/lib/filterByStatus.ts","all":false,"statementMap":{"2":{"start":{"line":3,"column":0},"end":{"line":3,"column":31}},"3":{"start":{"line":4,"column":0},"end":{"line":4,"column":27}},"4":{"start":{"line":5,"column":0},"end":{"line":5,"column":61}},"5":{"start":{"line":6,"column":0},"end":{"line":6,"column":19}},"6":{"start":{"line":7,"column":0},"end":{"line":7,"column":30}},"7":{"start":{"line":8,"column":0},"end":{"line":8,"column":13}},"8":{"start":{"line":9,"column":0},"end":{"line":9,"column":3}},"10":{"start":{"line":11,"column":0},"end":{"line":11,"column":49}},"11":{"start":{"line":12,"column":0},"end":{"line":12,"column":24}},"12":{"start":{"line":13,"column":0},"end":{"line":13,"column":3}},"14":{"start":{"line":15,"column":0},"end":{"line":15,"column":30}},"15":{"start":{"line":16,"column":0},"end":{"line":16,"column":70}},"16":{"start":{"line":17,"column":0},"end":{"line":17,"column":3}},"18":{"start":{"line":19,"column":0},"end":{"line":19,"column":62}},"19":{"start":{"line":20,"column":0},"end":{"line":20,"column":1}}},"s":{"2":1,"3":15,"4":15,"5":15,"6":15,"7":3,"8":3,"10":15,"11":3,"12":3,"14":15,"15":3,"16":3,"18":6,"19":6},"branchMap":{"0":{"type":"branch","line":3,"loc":{"start":{"line":3,"column":7},"end":{"line":20,"column":1}},"locations":[{"start":{"line":3,"column":7},"end":{"line":20,"column":1}}]},"1":{"type":"branch","line":7,"loc":{"start":{"line":7,"column":29},"end":{"line":9,"column":3}},"locations":[{"start":{"line":7,"column":29},"end":{"line":9,"column":3}}]},"2":{"type":"branch","line":9,"loc":{"start":{"line":9,"column":2},"end":{"line":11,"column":26}},"locations":[{"start":{"line":9,"column":2},"end":{"line":11,"column":26}}]},"3":{"type":"branch","line":11,"loc":{"start":{"line":11,"column":17},"end":{"line":11,"column":48}},"locations":[{"start":{"line":11,"column":17},"end":{"line":11,"column":48}}]},"4":{"type":"branch","line":11,"loc":{"start":{"line":11,"column":48},"end":{"line":13,"column":3}},"locations":[{"start":{"line":11,"column":48},"end":{"line":13,"column":3}}]},"5":{"type":"branch","line":13,"loc":{"start":{"line":13,"column":2},"end":{"line":15,"column":29}},"locations":[{"start":{"line":13,"column":2},"end":{"line":15,"column":29}}]},"6":{"type":"branch","line":15,"loc":{"start":{"line":15,"column":29},"end":{"line":17,"column":3}},"locations":[{"start":{"line":15,"column":29},"end":{"line":17,"column":3}}]},"7":{"type":"branch","line":17,"loc":{"start":{"line":17,"column":2},"end":{"line":20,"column":1}},"locations":[{"start":{"line":17,"column":2},"end":{"line":20,"column":1}}]},"8":{"type":"branch","line":16,"loc":{"start":{"line":16,"column":27},"end":{"line":16,"column":69}},"locations":[{"start":{"line":16,"column":27},"end":{"line":16,"column":69}}]},"9":{"type":"branch","line":19,"loc":{"start":{"line":19,"column":25},"end":{"line":19,"column":61}},"locations":[{"start":{"line":19,"column":25},"end":{"line":19,"column":61}}]}},"b":{"0":[15],"1":[3],"2":[12],"3":[10],"4":[3],"5":[9],"6":[3],"7":[6],"8":[11],"9":[14]},"fnMap":{"0":{"name":"filterByStatus","decl":{"start":{"line":3,"column":7},"end":{"line":20,"column":1}},"loc":{"start":{"line":3,"column":7},"end":{"line":20,"column":1}},"line":3}},"f":{"0":15}}
,"/home/luke/workspace/Folio/packages/core/src/lib/filterByType.ts": {"path":"/home/luke/workspace/Folio/packages/core/src/lib/filterByType.ts","all":false,"statementMap":{"2":{"start":{"line":3,"column":0},"end":{"line":3,"column":29}},"3":{"start":{"line":4,"column":0},"end":{"line":4,"column":27}},"4":{"start":{"line":5,"column":0},"end":{"line":5,"column":39}},"5":{"start":{"line":6,"column":0},"end":{"line":6,"column":19}},"6":{"start":{"line":7,"column":0},"end":{"line":7,"column":30}},"7":{"start":{"line":8,"column":0},"end":{"line":8,"column":13}},"8":{"start":{"line":9,"column":0},"end":{"line":9,"column":3}},"10":{"start":{"line":11,"column":0},"end":{"line":11,"column":45}},"11":{"start":{"line":12,"column":0},"end":{"line":12,"column":24}},"12":{"start":{"line":13,"column":0},"end":{"line":13,"column":3}},"14":{"start":{"line":15,"column":0},"end":{"line":15,"column":58}},"15":{"start":{"line":16,"column":0},"end":{"line":16,"column":1}}},"s":{"2":1,"3":18,"4":18,"5":18,"6":18,"7":3,"8":3,"10":18,"11":3,"12":3,"14":12,"15":12},"branchMap":{"0":{"type":"branch","line":3,"loc":{"start":{"line":3,"column":7},"end":{"line":16,"column":1}},"locations":[{"start":{"line":3,"column":7},"end":{"line":16,"column":1}}]},"1":{"type":"branch","line":7,"loc":{"start":{"line":7,"column":29},"end":{"line":9,"column":3}},"locations":[{"start":{"line":7,"column":29},"end":{"line":9,"column":3}}]},"2":{"type":"branch","line":9,"loc":{"start":{"line":9,"column":2},"end":{"line":11,"column":24}},"locations":[{"start":{"line":9,"column":2},"end":{"line":11,"column":24}}]},"3":{"type":"branch","line":11,"loc":{"start":{"line":11,"column":15},"end":{"line":11,"column":44}},"locations":[{"start":{"line":11,"column":15},"end":{"line":11,"column":44}}]},"4":{"type":"branch","line":11,"loc":{"start":{"line":11,"column":44},"end":{"line":13,"column":3}},"locations":[{"start":{"line":11,"column":44},"end":{"line":13,"column":3}}]},"5":{"type":"branch","line":13,"loc":{"start":{"line":13,"column":2},"end":{"line":16,"column":1}},"locations":[{"start":{"line":13,"column":2},"end":{"line":16,"column":1}}]},"6":{"type":"branch","line":15,"loc":{"start":{"line":15,"column":25},"end":{"line":15,"column":57}},"locations":[{"start":{"line":15,"column":25},"end":{"line":15,"column":57}}]}},"b":{"0":[18],"1":[3],"2":[15],"3":[13],"4":[3],"5":[12],"6":[42]},"fnMap":{"0":{"name":"filterByType","decl":{"start":{"line":3,"column":7},"end":{"line":16,"column":1}},"loc":{"start":{"line":3,"column":7},"end":{"line":16,"column":1}},"line":3}},"f":{"0":18}}
,"/home/luke/workspace/Folio/packages/core/src/lib/github.ts": {"path":"/home/luke/workspace/Folio/packages/core/src/lib/github.ts","all":false,"statementMap":{"13":{"start":{"line":14,"column":0},"end":{"line":14,"column":56}},"14":{"start":{"line":15,"column":0},"end":{"line":15,"column":24}},"15":{"start":{"line":16,"column":0},"end":{"line":16,"column":24}},"16":{"start":{"line":17,"column":0},"end":{"line":17,"column":20}},"17":{"start":{"line":18,"column":0},"end":{"line":18,"column":18}},"18":{"start":{"line":19,"column":0},"end":{"line":19,"column":16}},"19":{"start":{"line":20,"column":0},"end":{"line":20,"column":18}},"20":{"start":{"line":21,"column":0},"end":{"line":21,"column":15}},"21":{"start":{"line":22,"column":0},"end":{"line":22,"column":19}},"22":{"start":{"line":23,"column":0},"end":{"line":23,"column":18}},"23":{"start":{"line":24,"column":0},"end":{"line":24,"column":17}},"24":{"start":{"line":25,"column":0},"end":{"line":25,"column":18}},"25":{"start":{"line":26,"column":0},"end":{"line":26,"column":19}},"26":{"start":{"line":27,"column":0},"end":{"line":27,"column":20}},"27":{"start":{"line":28,"column":0},"end":{"line":28,"column":18}},"28":{"start":{"line":29,"column":0},"end":{"line":29,"column":19}},"29":{"start":{"line":30,"column":0},"end":{"line":30,"column":21}},"30":{"start":{"line":31,"column":0},"end":{"line":31,"column":17}},"31":{"start":{"line":32,"column":0},"end":{"line":32,"column":19}},"32":{"start":{"line":33,"column":0},"end":{"line":33,"column":18}},"33":{"start":{"line":34,"column":0},"end":{"line":34,"column":17}},"34":{"start":{"line":35,"column":0},"end":{"line":35,"column":1}},"36":{"start":{"line":37,"column":0},"end":{"line":37,"column":85}},"37":{"start":{"line":38,"column":0},"end":{"line":38,"column":7}},"38":{"start":{"line":39,"column":0},"end":{"line":39,"column":54}},"40":{"start":{"line":41,"column":0},"end":{"line":41,"column":34}},"41":{"start":{"line":42,"column":0},"end":{"line":42,"column":47}},"42":{"start":{"line":43,"column":0},"end":{"line":43,"column":5}},"44":{"start":{"line":45,"column":0},"end":{"line":45,"column":42}},"45":{"start":{"line":46,"column":0},"end":{"line":46,"column":16}},"46":{"start":{"line":47,"column":0},"end":{"line":47,"column":47}},"47":{"start":{"line":48,"column":0},"end":{"line":48,"column":12}},"48":{"start":{"line":49,"column":0},"end":{"line":49,"column":96}},"49":{"start":{"line":50,"column":0},"end":{"line":50,"column":5}},"51":{"start":{"line":52,"column":0},"end":{"line":52,"column":39}},"52":{"start":{"line":53,"column":0},"end":{"line":53,"column":14}},"53":{"start":{"line":54,"column":0},"end":{"line":54,"column":27}},"54":{"start":{"line":55,"column":0},"end":{"line":55,"column":6}},"56":{"start":{"line":57,"column":0},"end":{"line":57,"column":23}},"57":{"start":{"line":58,"column":0},"end":{"line":58,"column":17}},"58":{"start":{"line":59,"column":0},"end":{"line":59,"column":5}},"60":{"start":{"line":61,"column":0},"end":{"line":61,"column":38}},"62":{"start":{"line":63,"column":0},"end":{"line":63,"column":12}},"63":{"start":{"line":64,"column":0},"end":{"line":64,"column":22}},"64":{"start":{"line":65,"column":0},"end":{"line":65,"column":36}},"65":{"start":{"line":66,"column":0},"end":{"line":66,"column":46}},"66":{"start":{"line":67,"column":0},"end":{"line":67,"column":36}},"67":{"start":{"line":68,"column":0},"end":{"line":68,"column":30}},"68":{"start":{"line":69,"column":0},"end":{"line":69,"column":32}},"69":{"start":{"line":70,"column":0},"end":{"line":70,"column":30}},"70":{"start":{"line":71,"column":0},"end":{"line":71,"column":30}},"71":{"start":{"line":72,"column":0},"end":{"line":72,"column":34}},"72":{"start":{"line":73,"column":0},"end":{"line":73,"column":34}},"73":{"start":{"line":74,"column":0},"end":{"line":74,"column":5}},"74":{"start":{"line":75,"column":0},"end":{"line":75,"column":11}},"75":{"start":{"line":76,"column":0},"end":{"line":76,"column":15}},"76":{"start":{"line":77,"column":0},"end":{"line":77,"column":3}},"77":{"start":{"line":78,"column":0},"end":{"line":78,"column":1}}},"s":{"13":1,"14":1,"15":1,"16":1,"17":1,"18":1,"19":1,"20":1,"21":1,"22":1,"23":1,"24":1,"25":1,"26":1,"27":1,"28":1,"29":1,"30":1,"31":1,"32":1,"33":1,"34":1,"36":25,"37":25,"38":25,"40":25,"41":25,"42":25,"44":25,"45":25,"46":2,"47":25,"48":23,"49":23,"51":25,"52":25,"53":25,"54":25,"56":25,"57":6,"58":6,"60":15,"62":14,"63":14,"64":14,"65":14,"66":14,"67":14,"68":25,"69":25,"70":25,"71":25,"72":25,"73":25,"74":25,"75":5,"76":5,"77":25},"branchMap":{"0":{"type":"branch","line":37,"loc":{"start":{"line":37,"column":0},"end":{"line":78,"column":1}},"locations":[{"start":{"line":37,"column":0},"end":{"line":78,"column":1}}]},"1":{"type":"branch","line":46,"loc":{"start":{"line":46,"column":15},"end":{"line":48,"column":11}},"locations":[{"start":{"line":46,"column":15},"end":{"line":48,"column":11}}]},"2":{"type":"branch","line":48,"loc":{"start":{"line":48,"column":4},"end":{"line":50,"column":5}},"locations":[{"start":{"line":48,"column":4},"end":{"line":50,"column":5}}]},"3":{"type":"branch","line":55,"loc":{"start":{"line":55,"column":5},"end":{"line":57,"column":22}},"locations":[{"start":{"line":55,"column":5},"end":{"line":57,"column":22}}]},"4":{"type":"branch","line":57,"loc":{"start":{"line":57,"column":22},"end":{"line":59,"column":5}},"locations":[{"start":{"line":57,"column":22},"end":{"line":59,"column":5}}]},"5":{"type":"branch","line":59,"loc":{"start":{"line":59,"column":4},"end":{"line":61,"column":38}},"locations":[{"start":{"line":59,"column":4},"end":{"line":61,"column":38}}]},"6":{"type":"branch","line":61,"loc":{"start":{"line":61,"column":37},"end":{"line":69,"column":29}},"locations":[{"start":{"line":61,"column":37},"end":{"line":69,"column":29}}]},"7":{"type":"branch","line":69,"loc":{"start":{"line":69,"column":19},"end":{"line":69,"column":32}},"locations":[{"start":{"line":69,"column":19},"end":{"line":69,"column":32}}]},"8":{"type":"branch","line":75,"loc":{"start":{"line":75,"column":2},"end":{"line":77,"column":3}},"locations":[{"start":{"line":75,"column":2},"end":{"line":77,"column":3}}]}},"b":{"0":[25],"1":[2],"2":[23],"3":[21],"4":[6],"5":[15],"6":[14],"7":[1],"8":[5]},"fnMap":{"0":{"name":"fetchGitHubRepo","decl":{"start":{"line":37,"column":0},"end":{"line":78,"column":1}},"loc":{"start":{"line":37,"column":0},"end":{"line":78,"column":1}},"line":37}},"f":{"0":25}}
,"/home/luke/workspace/Folio/packages/core/src/lib/index.ts": {"path":"/home/luke/workspace/Folio/packages/core/src/lib/index.ts","all":true,"statementMap":{"0":{"start":{"line":1,"column":0},"end":{"line":1,"column":49}}},"s":{"0":0},"branchMap":{"0":{"type":"branch","line":1,"loc":{"start":{"line":1,"column":716},"end":{"line":15,"column":45}},"locations":[{"start":{"line":1,"column":716},"end":{"line":15,"column":45}}]}},"b":{"0":[0]},"fnMap":{"0":{"name":"(empty-report)","decl":{"start":{"line":1,"column":716},"end":{"line":15,"column":45}},"loc":{"start":{"line":1,"column":716},"end":{"line":15,"column":45}},"line":1}},"f":{"0":0}}
,"/home/luke/workspace/Folio/packages/core/src/lib/normalise.ts": {"path":"/home/luke/workspace/Folio/packages/core/src/lib/normalise.ts","all":false,"statementMap":{"0":{"start":{"line":1,"column":0},"end":{"line":1,"column":59}},"5":{"start":{"line":6,"column":0},"end":{"line":6,"column":82}},"6":{"start":{"line":7,"column":0},"end":{"line":7,"column":9}},"7":{"start":{"line":8,"column":0},"end":{"line":8,"column":7}},"8":{"start":{"line":9,"column":0},"end":{"line":9,"column":9}},"9":{"start":{"line":10,"column":0},"end":{"line":10,"column":11}},"10":{"start":{"line":11,"column":0},"end":{"line":11,"column":13}},"11":{"start":{"line":12,"column":0},"end":{"line":12,"column":20}},"12":{"start":{"line":13,"column":0},"end":{"line":13,"column":26}},"13":{"start":{"line":14,"column":0},"end":{"line":14,"column":34}},"14":{"start":{"line":15,"column":0},"end":{"line":15,"column":22}},"15":{"start":{"line":16,"column":0},"end":{"line":16,"column":22}},"16":{"start":{"line":17,"column":0},"end":{"line":17,"column":22}},"17":{"start":{"line":18,"column":0},"end":{"line":18,"column":32}},"18":{"start":{"line":19,"column":0},"end":{"line":19,"column":18}},"19":{"start":{"line":20,"column":0},"end":{"line":20,"column":22}},"20":{"start":{"line":21,"column":0},"end":{"line":21,"column":30}},"21":{"start":{"line":22,"column":0},"end":{"line":22,"column":28}},"22":{"start":{"line":23,"column":0},"end":{"line":23,"column":22}},"23":{"start":{"line":24,"column":0},"end":{"line":24,"column":30}},"24":{"start":{"line":25,"column":0},"end":{"line":25,"column":30}},"25":{"start":{"line":26,"column":0},"end":{"line":26,"column":13}},"26":{"start":{"line":27,"column":0},"end":{"line":27,"column":11}},"28":{"start":{"line":29,"column":0},"end":{"line":29,"column":55}},"30":{"start":{"line":31,"column":0},"end":{"line":31,"column":23}},"32":{"start":{"line":33,"column":0},"end":{"line":33,"column":47}},"33":{"start":{"line":34,"column":0},"end":{"line":34,"column":15}},"34":{"start":{"line":35,"column":0},"end":{"line":35,"column":46}},"35":{"start":{"line":36,"column":0},"end":{"line":36,"column":5}},"36":{"start":{"line":37,"column":0},"end":{"line":37,"column":3}},"38":{"start":{"line":39,"column":0},"end":{"line":39,"column":67}},"40":{"start":{"line":41,"column":0},"end":{"line":41,"column":20}},"42":{"start":{"line":43,"column":0},"end":{"line":43,"column":44}},"43":{"start":{"line":44,"column":0},"end":{"line":44,"column":21}},"44":{"start":{"line":45,"column":0},"end":{"line":45,"column":49}},"45":{"start":{"line":46,"column":0},"end":{"line":46,"column":5}},"46":{"start":{"line":47,"column":0},"end":{"line":47,"column":3}},"48":{"start":{"line":49,"column":0},"end":{"line":49,"column":55}},"50":{"start":{"line":51,"column":0},"end":{"line":51,"column":28}},"52":{"start":{"line":53,"column":0},"end":{"line":53,"column":32}},"53":{"start":{"line":54,"column":0},"end":{"line":54,"column":15}},"54":{"start":{"line":55,"column":0},"end":{"line":55,"column":56}},"55":{"start":{"line":56,"column":0},"end":{"line":56,"column":5}},"56":{"start":{"line":57,"column":0},"end":{"line":57,"column":3}},"58":{"start":{"line":59,"column":0},"end":{"line":59,"column":23}},"59":{"start":{"line":60,"column":0},"end":{"line":60,"column":26}},"60":{"start":{"line":61,"column":0},"end":{"line":61,"column":30}},"61":{"start":{"line":62,"column":0},"end":{"line":62,"column":26}},"63":{"start":{"line":64,"column":0},"end":{"line":64,"column":26}},"64":{"start":{"line":65,"column":0},"end":{"line":65,"column":69}},"65":{"start":{"line":66,"column":0},"end":{"line":66,"column":58}},"66":{"start":{"line":67,"column":0},"end":{"line":67,"column":97}},"67":{"start":{"line":68,"column":0},"end":{"line":68,"column":52}},"68":{"start":{"line":69,"column":0},"end":{"line":69,"column":33}},"69":{"start":{"line":70,"column":0},"end":{"line":70,"column":69}},"70":{"start":{"line":71,"column":0},"end":{"line":71,"column":58}},"71":{"start":{"line":72,"column":0},"end":{"line":72,"column":97}},"72":{"start":{"line":73,"column":0},"end":{"line":73,"column":52}},"73":{"start":{"line":74,"column":0},"end":{"line":74,"column":10}},"74":{"start":{"line":75,"column":0},"end":{"line":75,"column":31}},"75":{"start":{"line":76,"column":0},"end":{"line":76,"column":37}},"76":{"start":{"line":77,"column":0},"end":{"line":77,"column":45}},"77":{"start":{"line":78,"column":0},"end":{"line":78,"column":33}},"78":{"start":{"line":79,"column":0},"end":{"line":79,"column":3}},"80":{"start":{"line":81,"column":0},"end":{"line":81,"column":44}},"81":{"start":{"line":82,"column":0},"end":{"line":82,"column":26}},"82":{"start":{"line":83,"column":0},"end":{"line":83,"column":21}},"83":{"start":{"line":84,"column":0},"end":{"line":84,"column":20}},"84":{"start":{"line":85,"column":0},"end":{"line":85,"column":36}},"85":{"start":{"line":86,"column":0},"end":{"line":86,"column":47}},"86":{"start":{"line":87,"column":0},"end":{"line":87,"column":7}},"87":{"start":{"line":88,"column":0},"end":{"line":88,"column":5}},"88":{"start":{"line":89,"column":0},"end":{"line":89,"column":21}},"89":{"start":{"line":90,"column":0},"end":{"line":90,"column":51}},"90":{"start":{"line":91,"column":0},"end":{"line":91,"column":5}},"91":{"start":{"line":92,"column":0},"end":{"line":92,"column":33}},"92":{"start":{"line":93,"column":0},"end":{"line":93,"column":33}},"93":{"start":{"line":94,"column":0},"end":{"line":94,"column":21}},"94":{"start":{"line":95,"column":0},"end":{"line":95,"column":66}},"95":{"start":{"line":96,"column":0},"end":{"line":96,"column":75}},"96":{"start":{"line":97,"column":0},"end":{"line":97,"column":5}},"97":{"start":{"line":98,"column":0},"end":{"line":98,"column":32}},"98":{"start":{"line":99,"column":0},"end":{"line":99,"column":82}},"99":{"start":{"line":100,"column":0},"end":{"line":100,"column":5}},"100":{"start":{"line":101,"column":0},"end":{"line":101,"column":10}},"101":{"start":{"line":102,"column":0},"end":{"line":102,"column":33}},"102":{"start":{"line":103,"column":0},"end":{"line":103,"column":3}},"104":{"start":{"line":105,"column":0},"end":{"line":105,"column":53}},"105":{"start":{"line":106,"column":0},"end":{"line":106,"column":92}},"106":{"start":{"line":107,"column":0},"end":{"line":107,"column":21}},"107":{"start":{"line":108,"column":0},"end":{"line":108,"column":20}},"108":{"start":{"line":109,"column":0},"end":{"line":109,"column":43}},"109":{"start":{"line":110,"column":0},"end":{"line":110,"column":38}},"110":{"start":{"line":111,"column":0},"end":{"line":111,"column":7}},"111":{"start":{"line":112,"column":0},"end":{"line":112,"column":5}},"112":{"start":{"line":113,"column":0},"end":{"line":113,"column":18}},"113":{"start":{"line":114,"column":0},"end":{"line":114,"column":20}},"114":{"start":{"line":115,"column":0},"end":{"line":115,"column":22}},"115":{"start":{"line":116,"column":0},"end":{"line":116,"column":45}},"116":{"start":{"line":117,"column":0},"end":{"line":117,"column":33}},"117":{"start":{"line":118,"column":0},"end":{"line":118,"column":7}},"118":{"start":{"line":119,"column":0},"end":{"line":119,"column":5}},"119":{"start":{"line":120,"column":0},"end":{"line":120,"column":26}},"120":{"start":{"line":121,"column":0},"end":{"line":121,"column":20}},"121":{"start":{"line":122,"column":0},"end":{"line":122,"column":22}},"122":{"start":{"line":123,"column":0},"end":{"line":123,"column":45}},"123":{"start":{"line":124,"column":0},"end":{"line":124,"column":49}},"124":{"start":{"line":125,"column":0},"end":{"line":125,"column":61}},"125":{"start":{"line":126,"column":0},"end":{"line":126,"column":7}},"126":{"start":{"line":127,"column":0},"end":{"line":127,"column":5}},"127":{"start":{"line":128,"column":0},"end":{"line":128,"column":21}},"128":{"start":{"line":129,"column":0},"end":{"line":129,"column":51}},"129":{"start":{"line":130,"column":0},"end":{"line":130,"column":5}},"130":{"start":{"line":131,"column":0},"end":{"line":131,"column":10}},"131":{"start":{"line":132,"column":0},"end":{"line":132,"column":35}},"132":{"start":{"line":133,"column":0},"end":{"line":133,"column":3}},"134":{"start":{"line":135,"column":0},"end":{"line":135,"column":52}},"135":{"start":{"line":136,"column":0},"end":{"line":136,"column":62}},"136":{"start":{"line":137,"column":0},"end":{"line":137,"column":54}},"137":{"start":{"line":138,"column":0},"end":{"line":138,"column":54}},"139":{"start":{"line":140,"column":0},"end":{"line":140,"column":26}},"140":{"start":{"line":141,"column":0},"end":{"line":141,"column":48}},"141":{"start":{"line":142,"column":0},"end":{"line":142,"column":99}},"142":{"start":{"line":143,"column":0},"end":{"line":143,"column":69}},"143":{"start":{"line":144,"column":0},"end":{"line":144,"column":69}},"144":{"start":{"line":145,"column":0},"end":{"line":145,"column":33}},"145":{"start":{"line":146,"column":0},"end":{"line":146,"column":48}},"146":{"start":{"line":147,"column":0},"end":{"line":147,"column":99}},"147":{"start":{"line":148,"column":0},"end":{"line":148,"column":69}},"148":{"start":{"line":149,"column":0},"end":{"line":149,"column":69}},"149":{"start":{"line":150,"column":0},"end":{"line":150,"column":10}},"150":{"start":{"line":151,"column":0},"end":{"line":151,"column":24}},"151":{"start":{"line":152,"column":0},"end":{"line":152,"column":29}},"152":{"start":{"line":153,"column":0},"end":{"line":153,"column":43}},"153":{"start":{"line":154,"column":0},"end":{"line":154,"column":43}},"154":{"start":{"line":155,"column":0},"end":{"line":155,"column":3}},"156":{"start":{"line":157,"column":0},"end":{"line":157,"column":10}},"157":{"start":{"line":158,"column":0},"end":{"line":158,"column":7}},"158":{"start":{"line":159,"column":0},"end":{"line":159,"column":9}},"159":{"start":{"line":160,"column":0},"end":{"line":160,"column":11}},"160":{"start":{"line":161,"column":0},"end":{"line":161,"column":32}},"161":{"start":{"line":162,"column":0},"end":{"line":162,"column":20}},"162":{"start":{"line":163,"column":0},"end":{"line":163,"column":26}},"163":{"start":{"line":164,"column":0},"end":{"line":164,"column":34}},"164":{"start":{"line":165,"column":0},"end":{"line":165,"column":40}},"165":{"start":{"line":166,"column":0},"end":{"line":166,"column":26}},"166":{"start":{"line":167,"column":0},"end":{"line":167,"column":30}},"167":{"start":{"line":168,"column":0},"end":{"line":168,"column":36}},"168":{"start":{"line":169,"column":0},"end":{"line":169,"column":34}},"169":{"start":{"line":170,"column":0},"end":{"line":170,"column":28}},"170":{"start":{"line":171,"column":0},"end":{"line":171,"column":22}},"171":{"start":{"line":172,"column":0},"end":{"line":172,"column":22}},"172":{"start":{"line":173,"column":0},"end":{"line":173,"column":22}},"173":{"start":{"line":174,"column":0},"end":{"line":174,"column":28}},"174":{"start":{"line":175,"column":0},"end":{"line":175,"column":38}},"175":{"start":{"line":176,"column":0},"end":{"line":176,"column":30}},"176":{"start":{"line":177,"column":0},"end":{"line":177,"column":30}},"177":{"start":{"line":178,"column":0},"end":{"line":178,"column":9}},"178":{"start":{"line":179,"column":0},"end":{"line":179,"column":24}},"179":{"start":{"line":180,"column":0},"end":{"line":180,"column":51}},"180":{"start":{"line":181,"column":0},"end":{"line":181,"column":3}},"181":{"start":{"line":182,"column":0},"end":{"line":182,"column":1}},"183":{"start":{"line":184,"column":0},"end":{"line":184,"column":46}},"184":{"start":{"line":185,"column":0},"end":{"line":185,"column":25}},"185":{"start":{"line":186,"column":0},"end":{"line":186,"column":45}},"186":{"start":{"line":187,"column":0},"end":{"line":187,"column":3}},"187":{"start":{"line":188,"column":0},"end":{"line":188,"column":22}},"188":{"start":{"line":189,"column":0},"end":{"line":189,"column":42}},"189":{"start":{"line":190,"column":0},"end":{"line":190,"column":3}},"190":{"start":{"line":191,"column":0},"end":{"line":191,"column":25}},"191":{"start":{"line":192,"column":0},"end":{"line":192,"column":1}},"193":{"start":{"line":194,"column":0},"end":{"line":194,"column":53}},"194":{"start":{"line":195,"column":0},"end":{"line":195,"column":7}},"195":{"start":{"line":196,"column":0},"end":{"line":196,"column":32}},"196":{"start":{"line":197,"column":0},"end":{"line":197,"column":32}},"197":{"start":{"line":198,"column":0},"end":{"line":198,"column":26}},"198":{"start":{"line":199,"column":0},"end":{"line":199,"column":5}},"199":{"start":{"line":200,"column":0},"end":{"line":200,"column":45}},"200":{"start":{"line":201,"column":0},"end":{"line":201,"column":22}},"201":{"start":{"line":202,"column":0},"end":{"line":202,"column":21}},"202":{"start":{"line":203,"column":0},"end":{"line":203,"column":21}},"203":{"start":{"line":204,"column":0},"end":{"line":204,"column":6}},"204":{"start":{"line":205,"column":0},"end":{"line":205,"column":11}},"205":{"start":{"line":206,"column":0},"end":{"line":206,"column":24}},"206":{"start":{"line":207,"column":0},"end":{"line":207,"column":3}},"207":{"start":{"line":208,"column":0},"end":{"line":208,"column":1}},"209":{"start":{"line":210,"column":0},"end":{"line":210,"column":102}},"210":{"start":{"line":211,"column":0},"end":{"line":211,"column":37}},"212":{"start":{"line":213,"column":0},"end":{"line":213,"column":58}},"213":{"start":{"line":214,"column":0},"end":{"line":214,"column":37}},"214":{"start":{"line":215,"column":0},"end":{"line":215,"column":24}},"215":{"start":{"line":216,"column":0},"end":{"line":216,"column":65}},"216":{"start":{"line":217,"column":0},"end":{"line":217,"column":5}},"217":{"start":{"line":218,"column":0},"end":{"line":218,"column":3}},"219":{"start":{"line":220,"column":0},"end":{"line":220,"column":58}},"220":{"start":{"line":221,"column":0},"end":{"line":221,"column":37}},"221":{"start":{"line":222,"column":0},"end":{"line":222,"column":24}},"222":{"start":{"line":223,"column":0},"end":{"line":223,"column":65}},"223":{"start":{"line":224,"column":0},"end":{"line":224,"column":5}},"224":{"start":{"line":225,"column":0},"end":{"line":225,"column":3}},"226":{"start":{"line":227,"column":0},"end":{"line":227,"column":66}},"227":{"start":{"line":228,"column":0},"end":{"line":228,"column":41}},"228":{"start":{"line":229,"column":0},"end":{"line":229,"column":24}},"229":{"start":{"line":230,"column":0},"end":{"line":230,"column":84}},"230":{"start":{"line":231,"column":0},"end":{"line":231,"column":5}},"231":{"start":{"line":232,"column":0},"end":{"line":232,"column":3}},"233":{"start":{"line":234,"column":0},"end":{"line":234,"column":62}},"234":{"start":{"line":235,"column":0},"end":{"line":235,"column":39}},"235":{"start":{"line":236,"column":0},"end":{"line":236,"column":46}},"236":{"start":{"line":237,"column":0},"end":{"line":237,"column":29}},"237":{"start":{"line":238,"column":0},"end":{"line":238,"column":5}},"238":{"start":{"line":239,"column":0},"end":{"line":239,"column":53}},"239":{"start":{"line":240,"column":0},"end":{"line":240,"column":3}},"241":{"start":{"line":242,"column":0},"end":{"line":242,"column":62}},"242":{"start":{"line":243,"column":0},"end":{"line":243,"column":39}},"243":{"start":{"line":244,"column":0},"end":{"line":244,"column":24}},"244":{"start":{"line":245,"column":0},"end":{"line":245,"column":67}},"245":{"start":{"line":246,"column":0},"end":{"line":246,"column":5}},"246":{"start":{"line":247,"column":0},"end":{"line":247,"column":3}},"248":{"start":{"line":249,"column":0},"end":{"line":249,"column":64}},"249":{"start":{"line":250,"column":0},"end":{"line":250,"column":40}},"250":{"start":{"line":251,"column":0},"end":{"line":251,"column":24}},"251":{"start":{"line":252,"column":0},"end":{"line":252,"column":68}},"252":{"start":{"line":253,"column":0},"end":{"line":253,"column":5}},"253":{"start":{"line":254,"column":0},"end":{"line":254,"column":3}},"255":{"start":{"line":256,"column":0},"end":{"line":256,"column":68}},"256":{"start":{"line":257,"column":0},"end":{"line":257,"column":83}},"257":{"start":{"line":258,"column":0},"end":{"line":258,"column":3}},"259":{"start":{"line":260,"column":0},"end":{"line":260,"column":15}},"260":{"start":{"line":261,"column":0},"end":{"line":261,"column":1}}},"s":{"0":1,"5":35,"6":35,"7":35,"8":35,"9":35,"10":35,"11":35,"12":35,"13":35,"14":35,"15":35,"16":35,"17":35,"18":35,"19":35,"20":35,"21":35,"22":35,"23":35,"24":35,"25":35,"26":35,"28":35,"30":35,"32":35,"33":18,"34":18,"35":18,"36":18,"38":35,"40":35,"42":35,"43":17,"44":17,"45":17,"46":17,"48":35,"50":35,"52":35,"53":6,"54":6,"55":6,"56":6,"58":35,"59":35,"60":35,"61":35,"63":35,"64":7,"65":7,"66":7,"67":7,"68":35,"69":11,"70":11,"71":11,"72":11,"73":28,"74":17,"75":17,"76":17,"77":17,"78":17,"80":35,"81":35,"82":7,"83":5,"84":5,"85":5,"86":5,"87":5,"88":7,"89":1,"90":1,"91":35,"92":11,"93":11,"94":9,"95":9,"96":9,"97":11,"98":9,"99":9,"100":28,"101":17,"102":17,"104":35,"105":35,"106":30,"107":14,"108":14,"109":14,"110":14,"111":14,"112":30,"113":13,"114":13,"115":13,"116":13,"117":13,"118":13,"119":30,"120":1,"121":1,"122":1,"123":1,"124":1,"125":1,"126":1,"127":30,"128":3,"129":3,"130":35,"131":5,"132":5,"134":35,"135":35,"136":35,"137":35,"139":35,"140":7,"141":7,"142":7,"143":7,"144":35,"145":11,"146":11,"147":11,"148":11,"149":28,"150":17,"151":17,"152":17,"153":17,"154":17,"156":35,"157":35,"158":35,"159":35,"160":35,"161":35,"162":35,"163":35,"164":35,"165":35,"166":35,"167":35,"168":35,"169":35,"170":35,"171":35,"172":35,"173":35,"174":35,"175":35,"176":35,"177":35,"178":35,"179":35,"180":35,"181":35,"183":9,"184":9,"185":1,"186":1,"187":9,"188":3,"189":3,"190":5,"191":5,"193":1,"194":1,"195":1,"196":1,"197":0,"198":0,"199":1,"200":1,"201":1,"202":1,"203":1,"204":1,"205":0,"206":0,"207":1,"209":1,"210":13,"212":13,"213":4,"214":4,"215":3,"216":3,"217":4,"219":13,"220":2,"221":2,"222":2,"223":2,"224":2,"226":13,"227":2,"228":2,"229":2,"230":2,"231":2,"233":13,"234":3,"235":3,"236":2,"237":2,"238":3,"239":3,"241":13,"242":1,"243":1,"244":1,"245":1,"246":1,"248":13,"249":1,"250":1,"251":1,"252":1,"253":1,"255":13,"256":1,"257":1,"259":13,"260":13},"branchMap":{"0":{"type":"branch","line":6,"loc":{"start":{"line":6,"column":0},"end":{"line":182,"column":1}},"locations":[{"start":{"line":6,"column":0},"end":{"line":182,"column":1}}]},"1":{"type":"branch","line":29,"loc":{"start":{"line":29,"column":25},"end":{"line":29,"column":46}},"locations":[{"start":{"line":29,"column":25},"end":{"line":29,"column":46}}]},"2":{"type":"branch","line":29,"loc":{"start":{"line":29,"column":39},"end":{"line":29,"column":55}},"locations":[{"start":{"line":29,"column":39},"end":{"line":29,"column":55}}]},"3":{"type":"branch","line":33,"loc":{"start":{"line":33,"column":15},"end":{"line":33,"column":46}},"locations":[{"start":{"line":33,"column":15},"end":{"line":33,"column":46}}]},"4":{"type":"branch","line":33,"loc":{"start":{"line":33,"column":46},"end":{"line":37,"column":3}},"locations":[{"start":{"line":33,"column":46},"end":{"line":37,"column":3}}]},"5":{"type":"branch","line":39,"loc":{"start":{"line":39,"column":34},"end":{"line":39,"column":58}},"locations":[{"start":{"line":39,"column":34},"end":{"line":39,"column":58}}]},"6":{"type":"branch","line":39,"loc":{"start":{"line":39,"column":48},"end":{"line":39,"column":67}},"locations":[{"start":{"line":39,"column":48},"end":{"line":39,"column":67}}]},"7":{"type":"branch","line":43,"loc":{"start":{"line":43,"column":15},"end":{"line":43,"column":43}},"locations":[{"start":{"line":43,"column":15},"end":{"line":43,"column":43}}]},"8":{"type":"branch","line":43,"loc":{"start":{"line":43,"column":43},"end":{"line":47,"column":3}},"locations":[{"start":{"line":43,"column":43},"end":{"line":47,"column":3}}]},"9":{"type":"branch","line":49,"loc":{"start":{"line":49,"column":25},"end":{"line":49,"column":46}},"locations":[{"start":{"line":49,"column":25},"end":{"line":49,"column":46}}]},"10":{"type":"branch","line":49,"loc":{"start":{"line":49,"column":39},"end":{"line":49,"column":55}},"locations":[{"start":{"line":49,"column":39},"end":{"line":49,"column":55}}]},"11":{"type":"branch","line":53,"loc":{"start":{"line":53,"column":31},"end":{"line":57,"column":3}},"locations":[{"start":{"line":53,"column":31},"end":{"line":57,"column":3}}]},"12":{"type":"branch","line":64,"loc":{"start":{"line":64,"column":25},"end":{"line":69,"column":13}},"locations":[{"start":{"line":64,"column":25},"end":{"line":69,"column":13}}]},"13":{"type":"branch","line":65,"loc":{"start":{"line":65,"column":16},"end":{"line":65,"column":34}},"locations":[{"start":{"line":65,"column":16},"end":{"line":65,"column":34}}]},"14":{"type":"branch","line":65,"loc":{"start":{"line":65,"column":26},"end":{"line":65,"column":54}},"locations":[{"start":{"line":65,"column":26},"end":{"line":65,"column":54}}]},"15":{"type":"branch","line":65,"loc":{"start":{"line":65,"column":34},"end":{"line":65,"column":54}},"locations":[{"start":{"line":65,"column":34},"end":{"line":65,"column":54}}]},"16":{"type":"branch","line":65,"loc":{"start":{"line":65,"column":46},"end":{"line":65,"column":67}},"locations":[{"start":{"line":65,"column":46},"end":{"line":65,"column":67}}]},"17":{"type":"branch","line":65,"loc":{"start":{"line":65,"column":54},"end":{"line":65,"column":69}},"locations":[{"start":{"line":65,"column":54},"end":{"line":65,"column":69}}]},"18":{"type":"branch","line":66,"loc":{"start":{"line":66,"column":19},"end":{"line":66,"column":40}},"locations":[{"start":{"line":66,"column":19},"end":{"line":66,"column":40}}]},"19":{"type":"branch","line":67,"loc":{"start":{"line":67,"column":23},"end":{"line":67,"column":48}},"locations":[{"start":{"line":67,"column":23},"end":{"line
[...]
,"end":{"line":52,"column":26}},"52":{"start":{"line":53,"column":0},"end":{"line":53,"column":5}},"53":{"start":{"line":54,"column":0},"end":{"line":54,"column":11}},"54":{"start":{"line":55,"column":0},"end":{"line":55,"column":15}},"55":{"start":{"line":56,"column":0},"end":{"line":56,"column":3}},"56":{"start":{"line":57,"column":0},"end":{"line":57,"column":1}}},"s":{"11":10,"12":10,"13":10,"15":10,"16":10,"17":5,"18":5,"19":5,"21":5,"22":5,"23":5,"24":5,"26":5,"27":5,"28":5,"29":5,"31":6,"32":1,"33":1,"35":3,"37":3,"39":6,"40":1,"41":1,"43":2,"44":2,"45":2,"46":6,"47":10,"48":10,"49":10,"50":10,"51":10,"52":10,"53":10,"54":1,"55":1,"56":10},"branchMap":{"0":{"type":"branch","line":12,"loc":{"start":{"line":12,"column":0},"end":{"line":57,"column":1}},"locations":[{"start":{"line":12,"column":0},"end":{"line":57,"column":1}}]},"1":{"type":"branch","line":17,"loc":{"start":{"line":17,"column":16},"end":{"line":20,"column":5}},"locations":[{"start":{"line":17,"column":16},"end":{"line":20,"column":5}}]},"2":{"type":"branch","line":20,"loc":{"start":{"line":20,"column":4},"end":{"line":47,"column":42}},"locations":[{"start":{"line":20,"column":4},"end":{"line":47,"column":42}}]},"3":{"type":"branch","line":20,"loc":{"start":{"line":20,"column":4},"end":{"line":30,"column":6}},"locations":[{"start":{"line":20,"column":4},"end":{"line":30,"column":6}}]},"4":{"type":"branch","line":30,"loc":{"start":{"line":30,"column":5},"end":{"line":32,"column":22}},"locations":[{"start":{"line":30,"column":5},"end":{"line":32,"column":22}}]},"5":{"type":"branch","line":32,"loc":{"start":{"line":32,"column":22},"end":{"line":34,"column":5}},"locations":[{"start":{"line":32,"column":22},"end":{"line":34,"column":5}}]},"6":{"type":"branch","line":34,"loc":{"start":{"line":34,"column":4},"end":{"line":40,"column":15}},"locations":[{"start":{"line":34,"column":4},"end":{"line":40,"column":15}}]},"7":{"type":"branch","line":40,"loc":{"start":{"line":40,"column":15},"end":{"line":42,"column":5}},"locations":[{"start":{"line":40,"column":15},"end":{"line":42,"column":5}}]},"8":{"type":"branch","line":42,"loc":{"start":{"line":42,"column":4},"end":{"line":47,"column":39}},"locations":[{"start":{"line":42,"column":4},"end":{"line":47,"column":39}}]},"9":{"type":"branch","line":47,"loc":{"start":{"line":47,"column":24},"end":{"line":47,"column":42}},"locations":[{"start":{"line":47,"column":24},"end":{"line":47,"column":42}}]},"10":{"type":"branch","line":48,"loc":{"start":{"line":48,"column":24},"end":{"line":48,"column":41}},"locations":[{"start":{"line":48,"column":24},"end":{"line":48,"column":41}}]},"11":{"type":"branch","line":49,"loc":{"start":{"line":49,"column":27},"end":{"line":49,"column":47}},"locations":[{"start":{"line":49,"column":27},"end":{"line":49,"column":47}}]},"12":{"type":"branch","line":50,"loc":{"start":{"line":50,"column":24},"end":{"line":50,"column":44}},"locations":[{"start":{"line":50,"column":24},"end":{"line":50,"column":44}}]},"13":{"type":"branch","line":51,"loc":{"start":{"line":51,"column":20},"end":{"line":51,"column":34}},"locations":[{"start":{"line":51,"column":20},"end":{"line":51,"column":34}}]},"14":{"type":"branch","line":52,"loc":{"start":{"line":52,"column":16},"end":{"line":52,"column":26}},"locations":[{"start":{"line":52,"column":16},"end":{"line":52,"column":26}}]},"15":{"type":"branch","line":54,"loc":{"start":{"line":54,"column":2},"end":{"line":56,"column":3}},"locations":[{"start":{"line":54,"column":2},"end":{"line":56,"column":3}}]}},"b":{"0":[10],"1":[5],"2":[6],"3":[5],"4":[4],"5":[1],"6":[3],"7":[1],"8":[2],"9":[1],"10":[1],"11":[1],"12":[1],"13":[1],"14":[1],"15":[1]},"fnMap":{"0":{"name":"fetchProductHuntPost","decl":{"start":{"line":12,"column":0},"end":{"line":57,"column":1}},"loc":{"start":{"line":12,"column":0},"end":{"line":57,"column":1}},"line":12}},"f":{"0":10}}
,"/home/luke/workspace/Folio/packages/core/src/lib/sortByDate.ts": {"path":"/home/luke/workspace/Folio/packages/core/src/lib/sortByDate.ts","all":false,"statementMap":{"4":{"start":{"line":5,"column":0},"end":{"line":5,"column":97}},"5":{"start":{"line":6,"column":0},"end":{"line":6,"column":30}},"6":{"start":{"line":7,"column":0},"end":{"line":7,"column":13}},"7":{"start":{"line":8,"column":0},"end":{"line":8,"column":3}},"9":{"start":{"line":10,"column":0},"end":{"line":10,"column":45}},"11":{"start":{"line":12,"column":0},"end":{"line":12,"column":39}},"12":{"start":{"line":13,"column":0},"end":{"line":13,"column":52}},"13":{"start":{"line":14,"column":0},"end":{"line":14,"column":52}},"15":{"start":{"line":16,"column":0},"end":{"line":16,"column":27}},"16":{"start":{"line":17,"column":0},"end":{"line":17,"column":14}},"17":{"start":{"line":18,"column":0},"end":{"line":18,"column":5}},"19":{"start":{"line":20,"column":0},"end":{"line":20,"column":17}},"20":{"start":{"line":21,"column":0},"end":{"line":21,"column":27}},"21":{"start":{"line":22,"column":0},"end":{"line":22,"column":5}},"23":{"start":{"line":24,"column":0},"end":{"line":24,"column":17}},"24":{"start":{"line":25,"column":0},"end":{"line":25,"column":28}},"25":{"start":{"line":26,"column":0},"end":{"line":26,"column":5}},"27":{"start":{"line":28,"column":0},"end":{"line":28,"column":79}},"28":{"start":{"line":29,"column":0},"end":{"line":29,"column":4}},"29":{"start":{"line":30,"column":0},"end":{"line":30,"column":1}}},"s":{"4":1,"5":17,"6":2,"7":2,"9":17,"11":17,"12":30,"13":30,"15":30,"16":2,"17":2,"19":30,"20":2,"21":2,"23":30,"24":4,"25":4,"27":22,"28":17,"29":17},"branchMap":{"0":{"type":"branch","line":5,"loc":{"start":{"line":5,"column":7},"end":{"line":30,"column":1}},"locations":[{"start":{"line":5,"column":7},"end":{"line":30,"column":1}}]},"1":{"type":"branch","line":6,"loc":{"start":{"line":6,"column":29},"end":{"line":8,"column":3}},"locations":[{"start":{"line":6,"column":29},"end":{"line":8,"column":3}}]},"2":{"type":"branch","line":8,"loc":{"start":{"line":8,"column":2},"end":{"line":10,"column":39}},"locations":[{"start":{"line":8,"column":2},"end":{"line":10,"column":39}}]},"3":{"type":"branch","line":10,"loc":{"start":{"line":10,"column":31},"end":{"line":10,"column":43}},"locations":[{"start":{"line":10,"column":31},"end":{"line":10,"column":43}}]},"4":{"type":"branch","line":10,"loc":{"start":{"line":10,"column":39},"end":{"line":10,"column":45}},"locations":[{"start":{"line":10,"column":39},"end":{"line":10,"column":45}}]},"5":{"type":"branch","line":12,"loc":{"start":{"line":12,"column":28},"end":{"line":29,"column":3}},"locations":[{"start":{"line":12,"column":28},"end":{"line":29,"column":3}}]},"6":{"type":"branch","line":13,"loc":{"start":{"line":13,"column":20},"end":{"line":13,"column":48}},"locations":[{"start":{"line":13,"column":20},"end":{"line":13,"column":48}}]},"7":{"type":"branch","line":13,"loc":{"start":{"line":13,"column":35},"end":{"line":13,"column":52}},"locations":[{"start":{"line":13,"column":35},"end":{"line":13,"column":52}}]},"8":{"type":"branch","line":14,"loc":{"start":{"line":14,"column":20},"end":{"line":14,"column":48}},"locations":[{"start":{"line":14,"column":20},"end":{"line":14,"column":48}}]},"9":{"type":"branch","line":14,"loc":{"start":{"line":14,"column":35},"end":{"line":14,"column":52}},"locations":[{"start":{"line":14,"column":35},"end":{"line":14,"column":52}}]},"10":{"type":"branch","line":16,"loc":{"start":{"line":16,"column":9},"end":{"line":16,"column":26}},"locations":[{"start":{"line":16,"column":9},"end":{"line":16,"column":26}}]},"11":{"type":"branch","line":16,"loc":{"start":{"line":16,"column":26},"end":{"line":18,"column":5}},"locations":[{"start":{"line":16,"column":26},"end":{"line":18,"column":5}}]},"12":{"type":"branch","line":18,"loc":{"start":{"line":18,"column":4},"end":{"line":20,"column":16}},"locations":[{"start":{"line":18,"column":4},"end":{"line":20,"column":16}}]},"13":{"type":"branch","line":20,"loc":{"start":{"line":20,"column":16},"end":{"line":22,"column":5}},"locations":[{"start":{"line":20,"column":16},"end":{"line":22,"column":5}}]},"14":{"type":"branch","line":22,"loc":{"start":{"line":22,"column":4},"end":{"line":24,"column":16}},"locations":[{"start":{"line":22,"column":4},"end":{"line":24,"column":16}}]},"15":{"type":"branch","line":24,"loc":{"start":{"line":24,"column":16},"end":{"line":26,"column":5}},"locations":[{"start":{"line":24,"column":16},"end":{"line":26,"column":5}}]},"16":{"type":"branch","line":26,"loc":{"start":{"line":26,"column":4},"end":{"line":28,"column":79}},"locations":[{"start":{"line":26,"column":4},"end":{"line":28,"column":79}}]}},"b":{"0":[17],"1":[2],"2":[15],"3":[4],"4":[11],"5":[30],"6":[7],"7":[4],"8":[9],"9":[6],"10":[4],"11":[2],"12":[28],"13":[2],"14":[26],"15":[4],"16":[22]},"fnMap":{"0":{"name":"sortByDate","decl":{"start":{"line":5,"column":7},"end":{"line":30,"column":1}},"loc":{"start":{"line":5,"column":7},"end":{"line":30,"column":1}},"line":5}},"f":{"0":17}}
,"/home/luke/workspace/Folio/packages/core/src/lib/sortByName.ts": {"path":"/home/luke/workspace/Folio/packages/core/src/lib/sortByName.ts","all":false,"statementMap":{"3":{"start":{"line":4,"column":0},"end":{"line":4,"column":96}},"4":{"start":{"line":5,"column":0},"end":{"line":5,"column":30}},"5":{"start":{"line":6,"column":0},"end":{"line":6,"column":13}},"6":{"start":{"line":7,"column":0},"end":{"line":7,"column":3}},"8":{"start":{"line":9,"column":0},"end":{"line":9,"column":45}},"10":{"start":{"line":11,"column":0},"end":{"line":11,"column":39}},"11":{"start":{"line":12,"column":0},"end":{"line":12,"column":32}},"12":{"start":{"line":13,"column":0},"end":{"line":13,"column":32}},"14":{"start":{"line":15,"column":0},"end":{"line":15,"column":27}},"15":{"start":{"line":16,"column":0},"end":{"line":16,"column":14}},"16":{"start":{"line":17,"column":0},"end":{"line":17,"column":5}},"18":{"start":{"line":19,"column":0},"end":{"line":19,"column":17}},"19":{"start":{"line":20,"column":0},"end":{"line":20,"column":14}},"20":{"start":{"line":21,"column":0},"end":{"line":21,"column":5}},"22":{"start":{"line":23,"column":0},"end":{"line":23,"column":17}},"23":{"start":{"line":24,"column":0},"end":{"line":24,"column":15}},"24":{"start":{"line":25,"column":0},"end":{"line":25,"column":5}},"26":{"start":{"line":27,"column":0},"end":{"line":27,"column":86}},"27":{"start":{"line":28,"column":0},"end":{"line":28,"column":4}},"28":{"start":{"line":29,"column":0},"end":{"line":29,"column":1}}},"s":{"3":1,"4":19,"5":2,"6":2,"8":19,"10":19,"11":42,"12":42,"14":42,"15":2,"16":2,"18":42,"19":2,"20":2,"22":42,"23":5,"24":5,"26":33,"27":19,"28":19},"branchMap":{"0":{"type":"branch","line":4,"loc":{"start":{"line":4,"column":7},"end":{"line":29,"column":1}},"locations":[{"start":{"line":4,"column":7},"end":{"line":29,"column":1}}]},"1":{"type":"branch","line":5,"loc":{"start":{"line":5,"column":29},"end":{"line":7,"column":3}},"locations":[{"start":{"line":5,"column":29},"end":{"line":7,"column":3}}]},"2":{"type":"branch","line":7,"loc":{"start":{"line":7,"column":2},"end":{"line":9,"column":39}},"locations":[{"start":{"line":7,"column":2},"end":{"line":9,"column":39}}]},"3":{"type":"branch","line":9,"loc":{"start":{"line":9,"column":31},"end":{"line":9,"column":43}},"locations":[{"start":{"line":9,"column":31},"end":{"line":9,"column":43}}]},"4":{"type":"branch","line":9,"loc":{"start":{"line":9,"column":39},"end":{"line":9,"column":45}},"locations":[{"start":{"line":9,"column":39},"end":{"line":9,"column":45}}]},"5":{"type":"branch","line":11,"loc":{"start":{"line":11,"column":28},"end":{"line":28,"column":3}},"locations":[{"start":{"line":11,"column":28},"end":{"line":28,"column":3}}]},"6":{"type":"branch","line":12,"loc":{"start":{"line":12,"column":20},"end":{"line":12,"column":32}},"locations":[{"start":{"line":12,"column":20},"end":{"line":12,"column":32}}]},"7":{"type":"branch","line":13,"loc":{"start":{"line":13,"column":20},"end":{"line":13,"column":32}},"locations":[{"start":{"line":13,"column":20},"end":{"line":13,"column":32}}]},"8":{"type":"branch","line":15,"loc":{"start":{"line":15,"column":9},"end":{"line":15,"column":26}},"locations":[{"start":{"line":15,"column":9},"end":{"line":15,"column":26}}]},"9":{"type":"branch","line":15,"loc":{"start":{"line":15,"column":26},"end":{"line":17,"column":5}},"locations":[{"start":{"line":15,"column":26},"end":{"line":17,"column":5}}]},"10":{"type":"branch","line":17,"loc":{"start":{"line":17,"column":4},"end":{"line":19,"column":16}},"locations":[{"start":{"line":17,"column":4},"end":{"line":19,"column":16}}]},"11":{"type":"branch","line":19,"loc":{"start":{"line":19,"column":16},"end":{"line":21,"column":5}},"locations":[{"start":{"line":19,"column":16},"end":{"line":21,"column":5}}]},"12":{"type":"branch","line":21,"loc":{"start":{"line":21,"column":4},"end":{"line":23,"column":16}},"locations":[{"start":{"line":21,"column":4},"end":{"line":23,"column":16}}]},"13":{"type":"branch","line":23,"loc":{"start":{"line":23,"column":16},"end":{"line":25,"column":5}},"locations":[{"start":{"line":23,"column":16},"end":{"line":25,"column":5}}]},"14":{"type":"branch","line":25,"loc":{"start":{"line":25,"column":4},"end":{"line":27,"column":86}},"locations":[{"start":{"line":25,"column":4},"end":{"line":27,"column":86}}]}},"b":{"0":[19],"1":[2],"2":[17],"3":[14],"4":[3],"5":[42],"6":[4],"7":[6],"8":[4],"9":[2],"10":[40],"11":[2],"12":[38],"13":[5],"14":[33]},"fnMap":{"0":{"name":"sortByName","decl":{"start":{"line":4,"column":7},"end":{"line":29,"column":1}},"loc":{"start":{"line":4,"column":7},"end":{"line":29,"column":1}},"line":4}},"f":{"0":19}}
,"/home/luke/workspace/Folio/packages/core/src/lib/sortByStars.ts": {"path":"/home/luke/workspace/Folio/packages/core/src/lib/sortByStars.ts","all":false,"statementMap":{"3":{"start":{"line":4,"column":0},"end":{"line":4,"column":98}},"4":{"start":{"line":5,"column":0},"end":{"line":5,"column":30}},"5":{"start":{"line":6,"column":0},"end":{"line":6,"column":13}},"6":{"start":{"line":7,"column":0},"end":{"line":7,"column":3}},"8":{"start":{"line":9,"column":0},"end":{"line":9,"column":45}},"10":{"start":{"line":11,"column":0},"end":{"line":11,"column":39}},"11":{"start":{"line":12,"column":0},"end":{"line":12,"column":66}},"12":{"start":{"line":13,"column":0},"end":{"line":13,"column":66}},"14":{"start":{"line":15,"column":0},"end":{"line":15,"column":39}},"15":{"start":{"line":16,"column":0},"end":{"line":16,"column":14}},"16":{"start":{"line":17,"column":0},"end":{"line":17,"column":5}},"18":{"start":{"line":19,"column":0},"end":{"line":19,"column":23}},"19":{"start":{"line":20,"column":0},"end":{"line":20,"column":14}},"20":{"start":{"line":21,"column":0},"end":{"line":21,"column":5}},"22":{"start":{"line":23,"column":0},"end":{"line":23,"column":23}},"23":{"start":{"line":24,"column":0},"end":{"line":24,"column":15}},"24":{"start":{"line":25,"column":0},"end":{"line":25,"column":5}},"26":{"start":{"line":27,"column":0},"end":{"line":27,"column":41}},"27":{"start":{"line":28,"column":0},"end":{"line":28,"column":4}},"28":{"start":{"line":29,"column":0},"end":{"line":29,"column":1}}},"s":{"3":1,"4":15,"5":2,"6":2,"8":15,"10":15,"11":30,"12":30,"14":30,"15":7,"16":7,"18":30,"19":3,"20":3,"22":30,"23":7,"24":7,"26":13,"27":15,"28":15},"branchMap":{"0":{"type":"branch","line":4,"loc":{"start":{"line":4,"column":7},"end":{"line":29,"column":1}},"locations":[{"start":{"line":4,"column":7},"end":{"line":29,"column":1}}]},"1":{"type":"branch","line":5,"loc":{"start":{"line":5,"column":29},"end":{"line":7,"column":3}},"locations":[{"start":{"line":5,"column":29},"end":{"line":7,"column":3}}]},"2":{"type":"branch","line":7,"loc":{"start":{"line":7,"column":2},"end":{"line":9,"column":39}},"locations":[{"start":{"line":7,"column":2},"end":{"line":9,"column":39}}]},"3":{"type":"branch","line":9,"loc":{"start":{"line":9,"column":31},"end":{"line":9,"column":43}},"locations":[{"start":{"line":9,"column":31},"end":{"line":9,"column":43}}]},"4":{"type":"branch","line":9,"loc":{"start":{"line":9,"column":39},"end":{"line":9,"column":45}},"locations":[{"start":{"line":9,"column":39},"end":{"line":9,"column":45}}]},"5":{"type":"branch","line":11,"loc":{"start":{"line":11,"column":28},"end":{"line":28,"column":3}},"locations":[{"start":{"line":11,"column":28},"end":{"line":28,"column":3}}]},"6":{"type":"branch","line":12,"loc":{"start":{"line":12,"column":30},"end":{"line":12,"column":65}},"locations":[{"start":{"line":12,"column":30},"end":{"line":12,"column":65}}]},"7":{"type":"branch","line":12,"loc":{"start":{"line":12,"column":44},"end":{"line":12,"column":60}},"locations":[{"start":{"line":12,"column":44},"end":{"line":12,"column":60}}]},"8":{"type":"branch","line":12,"loc":{"start":{"line":12,"column":51},"end":{"line":12,"column":65}},"locations":[{"start":{"line":12,"column":51},"end":{"line":12,"column":65}}]},"9":{"type":"branch","line":12,"loc":{"start":{"line":12,"column":60},"end":{"line":12,"column":66}},"locations":[{"start":{"line":12,"column":60},"end":{"line":12,"column":66}}]},"10":{"type":"branch","line":13,"loc":{"start":{"line":13,"column":30},"end":{"line":13,"column":65}},"locations":[{"start":{"line":13,"column":30},"end":{"line":13,"column":65}}]},"11":{"type":"branch","line":13,"loc":{"start":{"line":13,"column":44},"end":{"line":13,"column":60}},"locations":[{"start":{"line":13,"column":44},"end":{"line":13,"column":60}}]},"12":{"type":"branch","line":13,"loc":{"start":{"line":13,"column":51},"end":{"line":13,"column":65}},"locations":[{"start":{"line":13,"column":51},"end":{"line":13,"column":65}}]},"13":{"type":"branch","line":13,"loc":{"start":{"line":13,"column":60},"end":{"line":13,"column":66}},"locations":[{"start":{"line":13,"column":60},"end":{"line":13,"column":66}}]},"14":{"type":"branch","line":15,"loc":{"start":{"line":15,"column":19},"end":{"line":15,"column":38}},"locations":[{"start":{"line":15,"column":19},"end":{"line":15,"column":38}}]},"15":{"type":"branch","line":15,"loc":{"start":{"line":15,"column":38},"end":{"line":17,"column":5}},"locations":[{"start":{"line":15,"column":38},"end":{"line":17,"column":5}}]},"16":{"type":"branch","line":17,"loc":{"start":{"line":17,"column":4},"end":{"line":19,"column":22}},"locations":[{"start":{"line":17,"column":4},"end":{"line":19,"column":22}}]},"17":{"type":"branch","line":19,"loc":{"start":{"line":19,"column":22},"end":{"line":21,"column":5}},"locations":[{"start":{"line":19,"column":22},"end":{"line":21,"column":5}}]},"18":{"type":"branch","line":21,"loc":{"start":{"line":21,"column":4},"end":{"line":23,"column":22}},"locations":[{"start":{"line":21,"column":4},"end":{"line":23,"column":22}}]},"19":{"type":"branch","line":23,"loc":{"start":{"line":23,"column":22},"end":{"line":25,"column":5}},"locations":[{"start":{"line":23,"column":22},"end":{"line":25,"column":5}}]},"20":{"type":"branch","line":25,"loc":{"start":{"line":25,"column":4},"end":{"line":27,"column":41}},"locations":[{"start":{"line":25,"column":4},"end":{"line":27,"column":41}}]}},"b":{"0":[15],"1":[2],"2":[13],"3":[1],"4":[12],"5":[30],"6":[21],"7":[20],"8":[1],"9":[9],"10":[19],"11":[18],"12":[2],"13":[11],"14":[10],"15":[7],"16":[23],"17":[3],"18":[20],"19":[7],"20":[13]},"fnMap":{"0":{"name":"sortByStars","decl":{"start":{"line":4,"column":7},"end":{"line":29,"column":1}},"loc":{"start":{"line":4,"column":7},"end":{"line":29,"column":1}},"line":4}},"f":{"0":15}}
,"/home/luke/workspace/Folio/packages/core/src/types/index.ts": {"path":"/home/luke/workspace/Folio/packages/core/src/types/index.ts","all":true,"statementMap":{},"s":{},"branchMap":{"0":{"type":"branch","line":1,"loc":{"start":{"line":1,"column":2852},"end":{"line":144,"column":1}},"locations":[{"start":{"line":1,"column":2852},"end":{"line":144,"column":1}}]}},"b":{"0":[1]},"fnMap":{"0":{"name":"(empty-report)","decl":{"start":{"line":1,"column":2852},"end":{"line":144,"column":1}},"loc":{"start":{"line":1,"column":2852},"end":{"line":144,"column":1}},"line":1}},"f":{"0":1}}
}
